This file contains any messages produced by compilers while
running configure, to aid debugging if configure makes a mistake.

It was created by gmap configure 2014-12-24, which was
generated by GNU Autoconf 2.63.  Invocation command line was

  $ ./configure --prefix=/Shared/Au/shuhfu/idpdenovo_test/idpdenovo-v.2/plugins/gmap-2014-12-24/../BIN

## --------- ##
## Platform. ##
## --------- ##

hostname = neon-hm-compute-3-2.local
uname -m = x86_64
uname -r = 2.6.32-431.29.2.el6.x86_64
uname -s = Linux
uname -v = #1 SMP Tue Sep 9 21:36:05 UTC 2014

/usr/bin/uname -p = unknown
/bin/uname -X     = unknown

/bin/arch              = x86_64
/usr/bin/arch -k       = unknown
/usr/convex/getsysinfo = unknown
/usr/bin/hostinfo      = unknown
/bin/machine           = unknown
/usr/bin/oslevel       = unknown
/bin/universe          = unknown

PATH: /opt/gcc/6.1.0/bin
PATH: /opt/binutils/2.27/bin
PATH: /opt/Python-2.7/bin
PATH: /usr/lib64/qt-3.3/bin
PATH: /opt/modules/Modules/3.2.10/bin
PATH: /usr/local/bin
PATH: /bin
PATH: /usr/bin
PATH: /usr/local/sbin
PATH: /usr/sbin
PATH: /sbin
PATH: /opt/eclipse
PATH: /opt/ganglia/bin
PATH: /opt/ganglia/sbin
PATH: /opt/rocks/bin
PATH: /opt/rocks/sbin
PATH: /opt/gridengine/bin/linux-x64
PATH: /Users/shuhfu/bin
PATH: /Users/shuhfu/app/IDP_0.1.9
PATH: /Users/shuhfu/app/
PATH: /Users/shuhfu/app/python_bin/bin/
PATH: /Users/shuhfu/app/bowtie2-2.2.5/


## ----------- ##
## Core tests. ##
## ----------- ##

configure:2103: checking package version
configure:2105: result: 2014-12-24
configure:2156: checking CFLAGS
configure:2160: result: not set by user so using default -O3
configure:2241: checking build system type
configure:2259: result: x86_64-unknown-linux-gnu
configure:2281: checking host system type
configure:2296: result: x86_64-unknown-linux-gnu
configure:2318: checking target system type
configure:2333: result: x86_64-unknown-linux-gnu
configure:2409: checking for gcc
configure:2425: found /opt/gcc/6.1.0/bin/gcc
configure:2436: result: gcc
configure:2668: checking for C compiler version
configure:2676: gcc --version >&5
gcc (GCC) 6.1.0
Copyright (C) 2016 Free Software Foundation, Inc.
This is free software; see the source for copying conditions.  There is NO
warranty; not even for MERCHANTABILITY or FITNESS FOR A PARTICULAR PURPOSE.

configure:2680: $? = 0
configure:2687: gcc -v >&5
Using built-in specs.
COLLECT_GCC=gcc
COLLECT_LTO_WRAPPER=/opt/gcc/6.1.0/libexec/gcc/x86_64-pc-linux-gnu/6.1.0/lto-wrapper
Target: x86_64-pc-linux-gnu
Configured with: configure --prefix=/opt/gcc/6.1.0 --disable-multilib
Thread model: posix
gcc version 6.1.0 (GCC) 
configure:2691: $? = 0
configure:2698: gcc -V >&5
gcc: error: unrecognized command line option '-V'
gcc: fatal error: no input files
compilation terminated.
configure:2702: $? = 1
configure:2725: checking for C compiler default output file name
configure:2747: gcc -O3   conftest.c  >&5
configure:2751: $? = 0
configure:2789: result: a.out
configure:2808: checking whether the C compiler works
configure:2818: ./a.out
configure:2822: $? = 0
configure:2841: result: yes
configure:2848: checking whether we are cross compiling
configure:2850: result: no
configure:2853: checking for suffix of executables
configure:2860: gcc -o conftest -O3   conftest.c  >&5
configure:2864: $? = 0
configure:2890: result: 
configure:2896: checking for suffix of object files
configure:2922: gcc -c -O3  conftest.c >&5
configure:2926: $? = 0
configure:2951: result: o
configure:2955: checking whether we are using the GNU C compiler
configure:2984: gcc -c -O3  conftest.c >&5
configure:2991: $? = 0
configure:3008: result: yes
configure:3017: checking whether gcc accepts -g
configure:3047: gcc -c -g  conftest.c >&5
configure:3054: $? = 0
configure:3155: result: yes
configure:3172: checking for gcc option to accept ISO C89
configure:3246: gcc  -c -O3  conftest.c >&5
configure:3253: $? = 0
configure:3276: result: none needed
configure:3302: checking for special C compiler options needed for large files
configure:3397: result: no
configure:3403: checking for _FILE_OFFSET_BITS value needed for large files
configure:3438: gcc -c -O3  conftest.c >&5
configure:3445: $? = 0
configure:3514: result: no
configure:3679: checking for a BSD-compatible install
configure:3747: result: /usr/bin/install -c
configure:3758: checking whether build environment is sane
configure:3818: result: yes
configure:3949: checking for a thread-safe mkdir -p
configure:3988: result: /bin/mkdir -p
configure:4001: checking for gawk
configure:4017: found /bin/gawk
configure:4028: result: gawk
configure:4039: checking whether make sets $(MAKE)
configure:4061: result: yes
configure:4091: checking for style of include used by make
configure:4119: result: GNU
configure:4206: checking dependency style of gcc
configure:4316: result: gcc3
configure:4367: checking bindir
configure:4398: result: /Shared/Au/shuhfu/idpdenovo_test/idpdenovo-v.2/plugins/gmap-2014-12-24/../BIN/bin
configure:4428: checking for a working version of perl
configure:4460: result: /usr/bin/perl
configure:4519: checking for gcc
configure:4546: result: gcc
configure:4778: checking for C compiler version
configure:4786: gcc --version >&5
gcc (GCC) 6.1.0
Copyright (C) 2016 Free Software Foundation, Inc.
This is free software; see the source for copying conditions.  There is NO
warranty; not even for MERCHANTABILITY or FITNESS FOR A PARTICULAR PURPOSE.

configure:4790: $? = 0
configure:4797: gcc -v >&5
Using built-in specs.
COLLECT_GCC=gcc
COLLECT_LTO_WRAPPER=/opt/gcc/6.1.0/libexec/gcc/x86_64-pc-linux-gnu/6.1.0/lto-wrapper
Target: x86_64-pc-linux-gnu
Configured with: configure --prefix=/opt/gcc/6.1.0 --disable-multilib
Thread model: posix
gcc version 6.1.0 (GCC) 
configure:4801: $? = 0
configure:4808: gcc -V >&5
gcc: error: unrecognized command line option '-V'
gcc: fatal error: no input files
compilation terminated.
configure:4812: $? = 1
configure:4815: checking whether we are using the GNU C compiler
configure:4868: result: yes
configure:4877: checking whether gcc accepts -g
configure:5015: result: yes
configure:5032: checking for gcc option to accept ISO C89
configure:5136: result: none needed
configure:5155: checking whether gcc and cc understand -c and -o together
configure:5190: gcc -c conftest.c -o conftest2.o >&5
configure:5194: $? = 0
configure:5200: gcc -c conftest.c -o conftest2.o >&5
configure:5204: $? = 0
configure:5215: cc -c conftest.c >&5
configure:5219: $? = 0
configure:5227: cc -c conftest.c -o conftest2.o >&5
configure:5231: $? = 0
configure:5237: cc -c conftest.c -o conftest2.o >&5
configure:5241: $? = 0
configure:5259: result: yes
configure:5295: checking for mpicc
configure:5325: result: no
configure:5295: checking for hcc
configure:5325: result: no
configure:5295: checking for mpxlc_r
configure:5325: result: no
configure:5295: checking for mpxlc
configure:5325: result: no
configure:5295: checking for mpcc
configure:5325: result: no
configure:5295: checking for cmpicc
configure:5325: result: no
configure:5340: checking for MPI_Init
configure:5396: gcc -o conftest -O3   conftest.c  >&5
/tmp/ccf0CmgW.o: In function `main':
conftest.c:(.text.startup+0x7): undefined reference to `MPI_Init'
collect2: error: ld returned 1 exit status
configure:5403: $? = 1
configure: failed program was:
| /* confdefs.h.  */
| #define PACKAGE_NAME "gmap"
| #define PACKAGE_TARNAME "gmap"
| #define PACKAGE_VERSION "2014-12-24"
| #define PACKAGE_STRING "gmap 2014-12-24"
| #define PACKAGE_BUGREPORT "Thomas Wu <twu@gene.com>"
| #define PACKAGE "gmap"
| #define VERSION "2014-12-24"
| /* end confdefs.h.  */
| /* Define MPI_Init to an innocuous variant, in case <limits.h> declares MPI_Init.
|    For example, HP-UX 11i <limits.h> declares gettimeofday.  */
| #define MPI_Init innocuous_MPI_Init
| 
| /* System header to define __stub macros and hopefully few prototypes,
|     which can conflict with char MPI_Init (); below.
|     Prefer <limits.h> to <assert.h> if __STDC__ is defined, since
|     <limits.h> exists even on freestanding compilers.  */
| 
| #ifdef __STDC__
| # include <limits.h>
| #else
| # include <assert.h>
| #endif
| 
| #undef MPI_Init
| 
| /* Override any GCC internal prototype to avoid an error.
|    Use char because int might match the return type of a GCC
|    builtin and then its argument prototype would still apply.  */
| #ifdef __cplusplus
| extern "C"
| #endif
| char MPI_Init ();
| /* The GNU C library defines this for functions which it implements
|     to always fail with ENOSYS.  Some functions are actually named
|     something starting with __ and the normal name is an alias.  */
| #if defined __stub_MPI_Init || defined __stub___MPI_Init
| choke me
| #endif
| 
| int
| main ()
| {
| return MPI_Init ();
|   ;
|   return 0;
| }
configure:5423: result: no
configure:5432: checking for MPI_Init in -lmpi
configure:5467: gcc -o conftest -O3   conftest.c -lmpi   >&5
/opt/binutils/2.27/bin/ld: cannot find -lmpi
collect2: error: ld returned 1 exit status
configure:5474: $? = 1
configure: failed program was:
| /* confdefs.h.  */
| #define PACKAGE_NAME "gmap"
| #define PACKAGE_TARNAME "gmap"
| #define PACKAGE_VERSION "2014-12-24"
| #define PACKAGE_STRING "gmap 2014-12-24"
| #define PACKAGE_BUGREPORT "Thomas Wu <twu@gene.com>"
| #define PACKAGE "gmap"
| #define VERSION "2014-12-24"
| /* end confdefs.h.  */
| 
| /* Override any GCC internal prototype to avoid an error.
|    Use char because int might match the return type of a GCC
|    builtin and then its argument prototype would still apply.  */
| #ifdef __cplusplus
| extern "C"
| #endif
| char MPI_Init ();
| int
| main ()
| {
| return MPI_Init ();
|   ;
|   return 0;
| }
configure:5495: result: no
configure:5503: checking for MPI_Init in -lmpich
configure:5538: gcc -o conftest -O3   conftest.c -lmpich   >&5
/opt/binutils/2.27/bin/ld: cannot find -lmpich
collect2: error: ld returned 1 exit status
configure:5545: $? = 1
configure: failed program was:
| /* confdefs.h.  */
| #define PACKAGE_NAME "gmap"
| #define PACKAGE_TARNAME "gmap"
| #define PACKAGE_VERSION "2014-12-24"
| #define PACKAGE_STRING "gmap 2014-12-24"
| #define PACKAGE_BUGREPORT "Thomas Wu <twu@gene.com>"
| #define PACKAGE "gmap"
| #define VERSION "2014-12-24"
| /* end confdefs.h.  */
| 
| /* Override any GCC internal prototype to avoid an error.
|    Use char because int might match the return type of a GCC
|    builtin and then its argument prototype would still apply.  */
| #ifdef __cplusplus
| extern "C"
| #endif
| char MPI_Init ();
| int
| main ()
| {
| return MPI_Init ();
|   ;
|   return 0;
| }
configure:5566: result: no
configure:5667: checking for a sed that does not truncate output
configure:5733: result: /bin/sed
configure:5751: checking for grep that handles long lines and -e
configure:5811: result: /bin/grep
configure:5816: checking for egrep
configure:5880: result: /bin/grep -E
configure:5885: checking for fgrep
configure:5949: result: /bin/grep -F
configure:5984: checking for ld used by gcc
configure:6051: result: /opt/binutils/2.27/bin/ld
configure:6060: checking if the linker (/opt/binutils/2.27/bin/ld) is GNU ld
configure:6075: result: yes
configure:6087: checking for BSD- or MS-compatible name lister (nm)
configure:6136: result: /opt/binutils/2.27/bin/nm -B
configure:6254: checking the name lister (/opt/binutils/2.27/bin/nm -B) interface
configure:6261: gcc -c -O3  conftest.c >&5
configure:6264: /opt/binutils/2.27/bin/nm -B "conftest.o"
configure:6267: output
0000000000000000 B some_variable
configure:6274: result: BSD nm
configure:6277: checking whether ln -s works
configure:6281: result: yes
configure:6289: checking the maximum length of command line arguments
configure:6409: result: 3458764513820540925
configure:6426: checking whether the shell understands some XSI constructs
configure:6436: result: yes
configure:6440: checking whether the shell understands "+="
configure:6446: result: yes
configure:6481: checking for /opt/binutils/2.27/bin/ld option to reload object files
configure:6488: result: -r
configure:6557: checking for objdump
configure:6573: found /opt/binutils/2.27/bin/objdump
configure:6584: result: objdump
configure:6616: checking how to recognize dependent libraries
configure:6812: result: pass_all
configure:6872: checking for ar
configure:6888: found /opt/binutils/2.27/bin/ar
configure:6899: result: ar
configure:6977: checking for strip
configure:6993: found /opt/binutils/2.27/bin/strip
configure:7004: result: strip
configure:7076: checking for ranlib
configure:7092: found /opt/binutils/2.27/bin/ranlib
configure:7103: result: ranlib
configure:7193: checking command to parse /opt/binutils/2.27/bin/nm -B output from gcc object
configure:7311: gcc -c -O3  conftest.c >&5
configure:7314: $? = 0
configure:7318: /opt/binutils/2.27/bin/nm -B conftest.o \| sed -n -e 's/^.*[	 ]\([ABCDGIRSTW][ABCDGIRSTW]*\)[	 ][	 ]*\([_A-Za-z][_A-Za-z0-9]*\)$/\1 \2 \2/p' \> conftest.nm
configure:7321: $? = 0
configure:7375: gcc -o conftest -O3   conftest.c conftstm.o >&5
configure:7378: $? = 0
configure:7416: result: ok
configure:7511: gcc -c -O3  conftest.c >&5
configure:7514: $? = 0
configure:8282: checking how to run the C preprocessor
configure:8322: gcc -E  conftest.c
configure:8329: $? = 0
configure:8360: gcc -E  conftest.c
conftest.c:10:28: fatal error: ac_nonexistent.h: No such file or directory
 #include <ac_nonexistent.h>
                            ^
compilation terminated.
configure:8367: $? = 1
configure: failed program was:
| /* confdefs.h.  */
| #define PACKAGE_NAME "gmap"
| #define PACKAGE_TARNAME "gmap"
| #define PACKAGE_VERSION "2014-12-24"
| #define PACKAGE_STRING "gmap 2014-12-24"
| #define PACKAGE_BUGREPORT "Thomas Wu <twu@gene.com>"
| #define PACKAGE "gmap"
| #define VERSION "2014-12-24"
| /* end confdefs.h.  */
| #include <ac_nonexistent.h>
configure:8400: result: gcc -E
configure:8429: gcc -E  conftest.c
configure:8436: $? = 0
configure:8467: gcc -E  conftest.c
conftest.c:10:28: fatal error: ac_nonexistent.h: No such file or directory
 #include <ac_nonexistent.h>
                            ^
compilation terminated.
configure:8474: $? = 1
configure: failed program was:
| /* confdefs.h.  */
| #define PACKAGE_NAME "gmap"
| #define PACKAGE_TARNAME "gmap"
| #define PACKAGE_VERSION "2014-12-24"
| #define PACKAGE_STRING "gmap 2014-12-24"
| #define PACKAGE_BUGREPORT "Thomas Wu <twu@gene.com>"
| #define PACKAGE "gmap"
| #define VERSION "2014-12-24"
| /* end confdefs.h.  */
| #include <ac_nonexistent.h>
configure:8514: checking for ANSI C header files
configure:8544: gcc -c -O3  conftest.c >&5
configure:8551: $? = 0
configure:8650: gcc -o conftest -O3   conftest.c  >&5
configure:8654: $? = 0
configure:8660: ./conftest
configure:8664: $? = 0
configure:8682: result: yes
configure:8706: checking for sys/types.h
configure:8727: gcc -c -O3  conftest.c >&5
configure:8734: $? = 0
configure:8751: result: yes
configure:8706: checking for sys/stat.h
configure:8727: gcc -c -O3  conftest.c >&5
configure:8734: $? = 0
configure:8751: result: yes
configure:8706: checking for stdlib.h
configure:8727: gcc -c -O3  conftest.c >&5
configure:8734: $? = 0
configure:8751: result: yes
configure:8706: checking for string.h
configure:8727: gcc -c -O3  conftest.c >&5
configure:8734: $? = 0
configure:8751: result: yes
configure:8706: checking for memory.h
configure:8727: gcc -c -O3  conftest.c >&5
configure:8734: $? = 0
configure:8751: result: yes
configure:8706: checking for strings.h
configure:8727: gcc -c -O3  conftest.c >&5
configure:8734: $? = 0
configure:8751: result: yes
configure:8706: checking for inttypes.h
configure:8727: gcc -c -O3  conftest.c >&5
configure:8734: $? = 0
configure:8751: result: yes
configure:8706: checking for stdint.h
configure:8727: gcc -c -O3  conftest.c >&5
configure:8734: $? = 0
configure:8751: result: yes
configure:8706: checking for unistd.h
configure:8727: gcc -c -O3  conftest.c >&5
configure:8734: $? = 0
configure:8751: result: yes
configure:8769: checking for dlfcn.h
configure:8790: gcc -c -O3  conftest.c >&5
configure:8797: $? = 0
configure:8814: result: yes
configure:9000: checking for objdir
configure:9015: result: .libs
configure:9311: checking if gcc supports -fno-rtti -fno-exceptions
configure:9329: gcc -c -O3  -fno-rtti -fno-exceptions conftest.c >&5
cc1: warning: command line option '-fno-rtti' is valid for C++/ObjC++ but not for C
configure:9333: $? = 0
configure:9346: result: no
configure:9366: checking for gcc option to produce PIC
configure:9638: result: -fPIC -DPIC
configure:9650: checking if gcc PIC flag -fPIC -DPIC works
configure:9668: gcc -c -O3  -fPIC -DPIC -DPIC conftest.c >&5
configure:9672: $? = 0
configure:9685: result: yes
configure:9709: checking if gcc static flag -static works
configure:9737: result: yes
configure:9752: checking if gcc supports -c -o file.o
configure:9773: gcc -c -O3  -o out/conftest2.o conftest.c >&5
configure:9777: $? = 0
configure:9799: result: yes
configure:9807: checking if gcc supports -c -o file.o
configure:9854: result: yes
configure:9887: checking whether the gcc linker (/opt/binutils/2.27/bin/ld -m elf_x86_64) supports shared libraries
configure:10961: result: yes
configure:10998: checking whether -lc should be explicitly linked in
configure:11003: gcc -c -O3  conftest.c >&5
configure:11006: $? = 0
configure:11021: gcc -shared conftest.o  -v -Wl,-soname -Wl,conftest -o conftest 2\>\&1 \| /bin/grep  -lc  \>/dev/null 2\>\&1
configure:11024: $? = 0
configure:11036: result: no
configure:11200: checking dynamic linker characteristics
configure:11643: gcc -o conftest -O3   -Wl,-rpath -Wl,/foo conftest.c  >&5
configure:11650: $? = 0
configure:11886: result: GNU/Linux ld.so
configure:11988: checking how to hardcode library paths into programs
configure:12013: result: immediate
configure:12846: checking whether stripping libraries is possible
configure:12851: result: yes
configure:12886: checking if libtool supports shared libraries
configure:12888: result: yes
configure:12891: checking whether to build shared libraries
configure:12912: result: yes
configure:12915: checking whether to build static libraries
configure:12919: result: yes
configure:12957: checking for rint in -lm
configure:12992: gcc -o conftest -O3   conftest.c -lm   >&5
conftest.c:29:6: warning: conflicting types for built-in function 'rint'
 char rint ();
      ^~~~
configure:12999: $? = 0
configure:13020: result: yes
configure:13043: checking for pthreads feature
configure:13495: result: not specified so enabled by default
configure:13692: checking for the pthreads library -lpthreads
configure:13735: gcc -o conftest -O3    conftest.c -lpthreads -lm  >&5
/opt/binutils/2.27/bin/ld: cannot find -lpthreads
collect2: error: ld returned 1 exit status
configure:13742: $? = 1
configure: failed program was:
| /* confdefs.h.  */
| #define PACKAGE_NAME "gmap"
| #define PACKAGE_TARNAME "gmap"
| #define PACKAGE_VERSION "2014-12-24"
| #define PACKAGE_STRING "gmap 2014-12-24"
| #define PACKAGE_BUGREPORT "Thomas Wu <twu@gene.com>"
| #define PACKAGE "gmap"
| #define VERSION "2014-12-24"
| #define STDC_HEADERS 1
| #define HAVE_SYS_TYPES_H 1
| #define HAVE_SYS_STAT_H 1
| #define HAVE_STDLIB_H 1
| #define HAVE_STRING_H 1
| #define HAVE_MEMORY_H 1
| #define HAVE_STRINGS_H 1
| #define HAVE_INTTYPES_H 1
| #define HAVE_STDINT_H 1
| #define HAVE_UNISTD_H 1
| #define HAVE_DLFCN_H 1
| #define LT_OBJDIR ".libs/"
| #define HAVE_LIBM 1
| /* end confdefs.h.  */
| #include <pthread.h>
| int
| main ()
| {
| pthread_t th; pthread_join(th, 0);
|                      pthread_attr_init(0); pthread_cleanup_push(0, 0);
|                      pthread_create(0,0,0,0); pthread_cleanup_pop(0);
|   ;
|   return 0;
| }
configure:13765: result: no
configure:13637: checking whether pthreads work without any flags
configure:13735: gcc -o conftest -O3    conftest.c  -lm  >&5
/tmp/ccQwu2Q1.o: In function `main':
conftest.c:(.text.startup+0x9): undefined reference to `pthread_join'
conftest.c:(.text.startup+0x26): undefined reference to `__pthread_register_cancel'
conftest.c:(.text.startup+0x33): undefined reference to `pthread_create'
conftest.c:(.text.startup+0x3b): undefined reference to `__pthread_unregister_cancel'
collect2: error: ld returned 1 exit status
configure:13742: $? = 1
configure: failed program was:
| /* confdefs.h.  */
| #define PACKAGE_NAME "gmap"
| #define PACKAGE_TARNAME "gmap"
| #define PACKAGE_VERSION "2014-12-24"
| #define PACKAGE_STRING "gmap 2014-12-24"
| #define PACKAGE_BUGREPORT "Thomas Wu <twu@gene.com>"
| #define PACKAGE "gmap"
| #define VERSION "2014-12-24"
| #define STDC_HEADERS 1
| #define HAVE_SYS_TYPES_H 1
| #define HAVE_SYS_STAT_H 1
| #define HAVE_STDLIB_H 1
| #define HAVE_STRING_H 1
| #define HAVE_MEMORY_H 1
| #define HAVE_STRINGS_H 1
| #define HAVE_INTTYPES_H 1
| #define HAVE_STDINT_H 1
| #define HAVE_UNISTD_H 1
| #define HAVE_DLFCN_H 1
| #define LT_OBJDIR ".libs/"
| #define HAVE_LIBM 1
| /* end confdefs.h.  */
| #include <pthread.h>
| int
| main ()
| {
| pthread_t th; pthread_join(th, 0);
|                      pthread_attr_init(0); pthread_cleanup_push(0, 0);
|                      pthread_create(0,0,0,0); pthread_cleanup_pop(0);
|   ;
|   return 0;
| }
configure:13765: result: no
configure:13642: checking whether pthreads work with -Kthread
configure:13735: gcc -o conftest -O3 -Kthread   conftest.c  -lm  >&5
gcc: error: unrecognized command line option '-Kthread'; did you mean '-pthread'?
configure:13742: $? = 1
configure: failed program was:
| /* confdefs.h.  */
| #define PACKAGE_NAME "gmap"
| #define PACKAGE_TARNAME "gmap"
| #define PACKAGE_VERSION "2014-12-24"
| #define PACKAGE_STRING "gmap 2014-12-24"
| #define PACKAGE_BUGREPORT "Thomas Wu <twu@gene.com>"
| #define PACKAGE "gmap"
| #define VERSION "2014-12-24"
| #define STDC_HEADERS 1
| #define HAVE_SYS_TYPES_H 1
| #define HAVE_SYS_STAT_H 1
| #define HAVE_STDLIB_H 1
| #define HAVE_STRING_H 1
| #define HAVE_MEMORY_H 1
| #define HAVE_STRINGS_H 1
| #define HAVE_INTTYPES_H 1
| #define HAVE_STDINT_H 1
| #define HAVE_UNISTD_H 1
| #define HAVE_DLFCN_H 1
| #define LT_OBJDIR ".libs/"
| #define HAVE_LIBM 1
| /* end confdefs.h.  */
| #include <pthread.h>
| int
| main ()
| {
| pthread_t th; pthread_join(th, 0);
|                      pthread_attr_init(0); pthread_cleanup_push(0, 0);
|                      pthread_create(0,0,0,0); pthread_cleanup_pop(0);
|   ;
|   return 0;
| }
configure:13765: result: no
configure:13642: checking whether pthreads work with -kthread
configure:13735: gcc -o conftest -O3 -kthread   conftest.c  -lm  >&5
gcc: error: unrecognized command line option '-kthread'; did you mean '-pthread'?
configure:13742: $? = 1
configure: failed program was:
| /* confdefs.h.  */
| #define PACKAGE_NAME "gmap"
| #define PACKAGE_TARNAME "gmap"
| #define PACKAGE_VERSION "2014-12-24"
| #define PACKAGE_STRING "gmap 2014-12-24"
| #define PACKAGE_BUGREPORT "Thomas Wu <twu@gene.com>"
| #define PACKAGE "gmap"
| #define VERSION "2014-12-24"
| #define STDC_HEADERS 1
| #define HAVE_SYS_TYPES_H 1
| #define HAVE_SYS_STAT_H 1
| #define HAVE_STDLIB_H 1
| #define HAVE_STRING_H 1
| #define HAVE_MEMORY_H 1
| #define HAVE_STRINGS_H 1
| #define HAVE_INTTYPES_H 1
| #define HAVE_STDINT_H 1
| #define HAVE_UNISTD_H 1
| #define HAVE_DLFCN_H 1
| #define LT_OBJDIR ".libs/"
| #define HAVE_LIBM 1
| /* end confdefs.h.  */
| #include <pthread.h>
| int
| main ()
| {
| pthread_t th; pthread_join(th, 0);
|                      pthread_attr_init(0); pthread_cleanup_push(0, 0);
|                      pthread_create(0,0,0,0); pthread_cleanup_pop(0);
|   ;
|   return 0;
| }
configure:13765: result: no
configure:13692: checking for the pthreads library -llthread
configure:13735: gcc -o conftest -O3    conftest.c -llthread -lm  >&5
/opt/binutils/2.27/bin/ld: cannot find -llthread
collect2: error: ld returned 1 exit status
configure:13742: $? = 1
configure: failed program was:
| /* confdefs.h.  */
| #define PACKAGE_NAME "gmap"
| #define PACKAGE_TARNAME "gmap"
| #define PACKAGE_VERSION "2014-12-24"
| #define PACKAGE_STRING "gmap 2014-12-24"
| #define PACKAGE_BUGREPORT "Thomas Wu <twu@gene.com>"
| #define PACKAGE "gmap"
| #define VERSION "2014-12-24"
| #define STDC_HEADERS 1
| #define HAVE_SYS_TYPES_H 1
| #define HAVE_SYS_STAT_H 1
| #define HAVE_STDLIB_H 1
| #define HAVE_STRING_H 1
| #define HAVE_MEMORY_H 1
| #define HAVE_STRINGS_H 1
| #define HAVE_INTTYPES_H 1
| #define HAVE_STDINT_H 1
| #define HAVE_UNISTD_H 1
| #define HAVE_DLFCN_H 1
| #define LT_OBJDIR ".libs/"
| #define HAVE_LIBM 1
| /* end confdefs.h.  */
| #include <pthread.h>
| int
| main ()
| {
| pthread_t th; pthread_join(th, 0);
|                      pthread_attr_init(0); pthread_cleanup_push(0, 0);
|                      pthread_create(0,0,0,0); pthread_cleanup_pop(0);
|   ;
|   return 0;
| }
configure:13765: result: no
configure:13642: checking whether pthreads work with -pthread
configure:13735: gcc -o conftest -O3 -pthread   conftest.c  -lm  >&5
configure:13742: $? = 0
configure:13765: result: yes
configure:13784: checking for joinable pthread attribute
configure:13809: gcc -o conftest -O3 -pthread   conftest.c  -lm  >&5
configure:13816: $? = 0
configure:13836: result: PTHREAD_CREATE_JOINABLE
configure:13846: checking if more special flags are required for pthreads
configure:13853: result: no
configure:13865: checking for cc_r
configure:13893: result: gcc
configure:13933: checking for ANSI C header files
configure:14101: result: yes
configure:14119: checking for dirent.h that defines DIR
configure:14148: gcc -c -O3  conftest.c >&5
configure:14155: $? = 0
configure:14172: result: yes
configure:14187: checking for library containing opendir
configure:14228: gcc -o conftest -O3   conftest.c -lm  >&5
configure:14235: $? = 0
configure:14266: result: none required
configure:14387: checking fcntl.h usability
configure:14404: gcc -c -O3  conftest.c >&5
configure:14411: $? = 0
configure:14425: result: yes
configure:14429: checking fcntl.h presence
configure:14444: gcc -E  conftest.c
configure:14451: $? = 0
configure:14465: result: yes
configure:14498: checking for fcntl.h
configure:14507: result: yes
configure:14387: checking limits.h usability
configure:14404: gcc -c -O3  conftest.c >&5
configure:14411: $? = 0
configure:14425: result: yes
configure:14429: checking limits.h presence
configure:14444: gcc -E  conftest.c
configure:14451: $? = 0
configure:14465: result: yes
configure:14498: checking for limits.h
configure:14507: result: yes
configure:14387: checking stddef.h usability
configure:14404: gcc -c -O3  conftest.c >&5
configure:14411: $? = 0
configure:14425: result: yes
configure:14429: checking stddef.h presence
configure:14444: gcc -E  conftest.c
configure:14451: $? = 0
configure:14465: result: yes
configure:14498: checking for stddef.h
configure:14507: result: yes
configure:14376: checking for stdlib.h
configure:14383: result: yes
configure:14376: checking for string.h
configure:14383: result: yes
configure:14376: checking for strings.h
configure:14383: result: yes
configure:14376: checking for unistd.h
configure:14383: result: yes
configure:14376: checking for sys/types.h
configure:14383: result: yes
configure:14525: checking whether byte ordering is bigendian
configure:14550: gcc -c -O3  conftest.c >&5
conftest.c:35:9: error: unknown type name 'not'
         not a universal capable compiler
         ^~~
conftest.c:35:15: error: expected '=', ',', ';', 'asm' or '__attribute__' before 'universal'
         not a universal capable compiler
               ^~~~~~~~~
conftest.c:35:15: error: unknown type name 'universal'
configure:14557: $? = 1
configure: failed program was:
| /* confdefs.h.  */
| #define PACKAGE_NAME "gmap"
| #define PACKAGE_TARNAME "gmap"
| #define PACKAGE_VERSION "2014-12-24"
| #define PACKAGE_STRING "gmap 2014-12-24"
| #define PACKAGE_BUGREPORT "Thomas Wu <twu@gene.com>"
| #define PACKAGE "gmap"
| #define VERSION "2014-12-24"
| #define STDC_HEADERS 1
| #define HAVE_SYS_TYPES_H 1
| #define HAVE_SYS_STAT_H 1
| #define HAVE_STDLIB_H 1
| #define HAVE_STRING_H 1
| #define HAVE_MEMORY_H 1
| #define HAVE_STRINGS_H 1
| #define HAVE_INTTYPES_H 1
| #define HAVE_STDINT_H 1
| #define HAVE_UNISTD_H 1
| #define HAVE_DLFCN_H 1
| #define LT_OBJDIR ".libs/"
| #define HAVE_LIBM 1
| #define HAVE_PTHREAD 1
| #define STDC_HEADERS 1
| #define HAVE_DIRENT_H 1
| #define HAVE_FCNTL_H 1
| #define HAVE_LIMITS_H 1
| #define HAVE_STDDEF_H 1
| #define HAVE_STDLIB_H 1
| #define HAVE_STRING_H 1
| #define HAVE_STRINGS_H 1
| #define HAVE_UNISTD_H 1
| #define HAVE_SYS_TYPES_H 1
| /* end confdefs.h.  */
| #ifndef __APPLE_CC__
| 	       not a universal capable compiler
| 	     #endif
| 	     typedef int dummy;
| 
configure:14607: gcc -c -O3  conftest.c >&5
configure:14614: $? = 0
configure:14646: gcc -c -O3  conftest.c >&5
conftest.c: In function 'main':
conftest.c:41:4: error: unknown type name 'not'
    not big endian
    ^~~
conftest.c:41:12: error: expected '=', ',', ';', 'asm' or '__attribute__' before 'endian'
    not big endian
            ^~~~~~
configure:14653: $? = 1
configure: failed program was:
| /* confdefs.h.  */
| #define PACKAGE_NAME "gmap"
| #define PACKAGE_TARNAME "gmap"
| #define PACKAGE_VERSION "2014-12-24"
| #define PACKAGE_STRING "gmap 2014-12-24"
| #define PACKAGE_BUGREPORT "Thomas Wu <twu@gene.com>"
| #define PACKAGE "gmap"
| #define VERSION "2014-12-24"
| #define STDC_HEADERS 1
| #define HAVE_SYS_TYPES_H 1
| #define HAVE_SYS_STAT_H 1
| #define HAVE_STDLIB_H 1
| #define HAVE_STRING_H 1
| #define HAVE_MEMORY_H 1
| #define HAVE_STRINGS_H 1
| #define HAVE_INTTYPES_H 1
| #define HAVE_STDINT_H 1
| #define HAVE_UNISTD_H 1
| #define HAVE_DLFCN_H 1
| #define LT_OBJDIR ".libs/"
| #define HAVE_LIBM 1
| #define HAVE_PTHREAD 1
| #define STDC_HEADERS 1
| #define HAVE_DIRENT_H 1
| #define HAVE_FCNTL_H 1
| #define HAVE_LIMITS_H 1
| #define HAVE_STDDEF_H 1
| #define HAVE_STDLIB_H 1
| #define HAVE_STRING_H 1
| #define HAVE_STRINGS_H 1
| #define HAVE_UNISTD_H 1
| #define HAVE_SYS_TYPES_H 1
| /* end confdefs.h.  */
| #include <sys/types.h>
| 		#include <sys/param.h>
| 
| int
| main ()
| {
| #if BYTE_ORDER != BIG_ENDIAN
| 		 not big endian
| 		#endif
| 
|   ;
|   return 0;
| }
configure:14905: result: no
configure:14930: checking for an ANSI C-conforming const
configure:15005: gcc -c -O3  conftest.c >&5
configure:15012: $? = 0
configure:15027: result: yes
configure:15037: checking for working volatile
configure:15066: gcc -c -O3  conftest.c >&5
configure:15073: $? = 0
configure:15088: result: yes
configure:15098: checking for size_t
configure:15126: gcc -c -O3  conftest.c >&5
configure:15133: $? = 0
configure:15160: gcc -c -O3  conftest.c >&5
conftest.c: In function 'main':
conftest.c:70:21: error: expected expression before ')' token
 if (sizeof ((size_t)))
                     ^
configure:15167: $? = 1
configure: failed program was:
| /* confdefs.h.  */
| #define PACKAGE_NAME "gmap"
| #define PACKAGE_TARNAME "gmap"
| #define PACKAGE_VERSION "2014-12-24"
| #define PACKAGE_STRING "gmap 2014-12-24"
| #define PACKAGE_BUGREPORT "Thomas Wu <twu@gene.com>"
| #define PACKAGE "gmap"
| #define VERSION "2014-12-24"
| #define STDC_HEADERS 1
| #define HAVE_SYS_TYPES_H 1
| #define HAVE_SYS_STAT_H 1
| #define HAVE_STDLIB_H 1
| #define HAVE_STRING_H 1
| #define HAVE_MEMORY_H 1
| #define HAVE_STRINGS_H 1
| #define HAVE_INTTYPES_H 1
| #define HAVE_STDINT_H 1
| #define HAVE_UNISTD_H 1
| #define HAVE_DLFCN_H 1
| #define LT_OBJDIR ".libs/"
| #define HAVE_LIBM 1
| #define HAVE_PTHREAD 1
| #define STDC_HEADERS 1
| #define HAVE_DIRENT_H 1
| #define HAVE_FCNTL_H 1
| #define HAVE_LIMITS_H 1
| #define HAVE_STDDEF_H 1
| #define HAVE_STDLIB_H 1
| #define HAVE_STRING_H 1
| #define HAVE_STRINGS_H 1
| #define HAVE_UNISTD_H 1
| #define HAVE_SYS_TYPES_H 1
| /* end confdefs.h.  */
| #include <stdio.h>
| #ifdef HAVE_SYS_TYPES_H
| # include <sys/types.h>
| #endif
| #ifdef HAVE_SYS_STAT_H
| # include <sys/stat.h>
| #endif
| #ifdef STDC_HEADERS
| # include <stdlib.h>
| # include <stddef.h>
| #else
| # ifdef HAVE_STDLIB_H
| #  include <stdlib.h>
| # endif
| #endif
| #ifdef HAVE_STRING_H
| # if !defined STDC_HEADERS && defined HAVE_MEMORY_H
| #  include <memory.h>
| # endif
| # include <string.h>
| #endif
| #ifdef HAVE_STRINGS_H
| # include <strings.h>
| #endif
| #ifdef HAVE_INTTYPES_H
| # include <inttypes.h>
| #endif
| #ifdef HAVE_STDINT_H
| # include <stdint.h>
| #endif
| #ifdef HAVE_UNISTD_H
| # include <unistd.h>
| #endif
| int
| main ()
| {
| if (sizeof ((size_t)))
| 	  return 0;
|   ;
|   return 0;
| }
configure:15190: result: yes
configure:15202: checking for off_t
configure:15230: gcc -c -O3  conftest.c >&5
configure:15237: $? = 0
configure:15264: gcc -c -O3  conftest.c >&5
conftest.c: In function 'main':
conftest.c:70:20: error: expected expression before ')' token
 if (sizeof ((off_t)))
                    ^
configure:15271: $? = 1
configure: failed program was:
| /* confdefs.h.  */
| #define PACKAGE_NAME "gmap"
| #define PACKAGE_TARNAME "gmap"
| #define PACKAGE_VERSION "2014-12-24"
| #define PACKAGE_STRING "gmap 2014-12-24"
| #define PACKAGE_BUGREPORT "Thomas Wu <twu@gene.com>"
| #define PACKAGE "gmap"
| #define VERSION "2014-12-24"
| #define STDC_HEADERS 1
| #define HAVE_SYS_TYPES_H 1
| #define HAVE_SYS_STAT_H 1
| #define HAVE_STDLIB_H 1
| #define HAVE_STRING_H 1
| #define HAVE_MEMORY_H 1
| #define HAVE_STRINGS_H 1
| #define HAVE_INTTYPES_H 1
| #define HAVE_STDINT_H 1
| #define HAVE_UNISTD_H 1
| #define HAVE_DLFCN_H 1
| #define LT_OBJDIR ".libs/"
| #define HAVE_LIBM 1
| #define HAVE_PTHREAD 1
| #define STDC_HEADERS 1
| #define HAVE_DIRENT_H 1
| #define HAVE_FCNTL_H 1
| #define HAVE_LIMITS_H 1
| #define HAVE_STDDEF_H 1
| #define HAVE_STDLIB_H 1
| #define HAVE_STRING_H 1
| #define HAVE_STRINGS_H 1
| #define HAVE_UNISTD_H 1
| #define HAVE_SYS_TYPES_H 1
| /* end confdefs.h.  */
| #include <stdio.h>
| #ifdef HAVE_SYS_TYPES_H
| # include <sys/types.h>
| #endif
| #ifdef HAVE_SYS_STAT_H
| # include <sys/stat.h>
| #endif
| #ifdef STDC_HEADERS
| # include <stdlib.h>
| # include <stddef.h>
| #else
| # ifdef HAVE_STDLIB_H
| #  include <stdlib.h>
| # endif
| #endif
| #ifdef HAVE_STRING_H
| # if !defined STDC_HEADERS && defined HAVE_MEMORY_H
| #  include <memory.h>
| # endif
| # include <string.h>
| #endif
| #ifdef HAVE_STRINGS_H
| # include <strings.h>
| #endif
| #ifdef HAVE_INTTYPES_H
| # include <inttypes.h>
| #endif
| #ifdef HAVE_STDINT_H
| # include <stdint.h>
| #endif
| #ifdef HAVE_UNISTD_H
| # include <unistd.h>
| #endif
| int
| main ()
| {
| if (sizeof ((off_t)))
| 	  return 0;
|   ;
|   return 0;
| }
configure:15294: result: yes
configure:15306: checking for caddr_t
configure:15334: gcc -c -O3  conftest.c >&5
configure:15341: $? = 0
configure:15368: gcc -c -O3  conftest.c >&5
conftest.c: In function 'main':
conftest.c:70:22: error: expected expression before ')' token
 if (sizeof ((caddr_t)))
                      ^
configure:15375: $? = 1
configure: failed program was:
| /* confdefs.h.  */
| #define PACKAGE_NAME "gmap"
| #define PACKAGE_TARNAME "gmap"
| #define PACKAGE_VERSION "2014-12-24"
| #define PACKAGE_STRING "gmap 2014-12-24"
| #define PACKAGE_BUGREPORT "Thomas Wu <twu@gene.com>"
| #define PACKAGE "gmap"
| #define VERSION "2014-12-24"
| #define STDC_HEADERS 1
| #define HAVE_SYS_TYPES_H 1
| #define HAVE_SYS_STAT_H 1
| #define HAVE_STDLIB_H 1
| #define HAVE_STRING_H 1
| #define HAVE_MEMORY_H 1
| #define HAVE_STRINGS_H 1
| #define HAVE_INTTYPES_H 1
| #define HAVE_STDINT_H 1
| #define HAVE_UNISTD_H 1
| #define HAVE_DLFCN_H 1
| #define LT_OBJDIR ".libs/"
| #define HAVE_LIBM 1
| #define HAVE_PTHREAD 1
| #define STDC_HEADERS 1
| #define HAVE_DIRENT_H 1
| #define HAVE_FCNTL_H 1
| #define HAVE_LIMITS_H 1
| #define HAVE_STDDEF_H 1
| #define HAVE_STDLIB_H 1
| #define HAVE_STRING_H 1
| #define HAVE_STRINGS_H 1
| #define HAVE_UNISTD_H 1
| #define HAVE_SYS_TYPES_H 1
| /* end confdefs.h.  */
| #include <stdio.h>
| #ifdef HAVE_SYS_TYPES_H
| # include <sys/types.h>
| #endif
| #ifdef HAVE_SYS_STAT_H
| # include <sys/stat.h>
| #endif
| #ifdef STDC_HEADERS
| # include <stdlib.h>
| # include <stddef.h>
| #else
| # ifdef HAVE_STDLIB_H
| #  include <stdlib.h>
| # endif
| #endif
| #ifdef HAVE_STRING_H
| # if !defined STDC_HEADERS && defined HAVE_MEMORY_H
| #  include <memory.h>
| # endif
| # include <string.h>
| #endif
| #ifdef HAVE_STRINGS_H
| # include <strings.h>
| #endif
| #ifdef HAVE_INTTYPES_H
| # include <inttypes.h>
| #endif
| #ifdef HAVE_STDINT_H
| # include <stdint.h>
| #endif
| #ifdef HAVE_UNISTD_H
| # include <unistd.h>
| #endif
| int
| main ()
| {
| if (sizeof ((caddr_t)))
| 	  return 0;
|   ;
|   return 0;
| }
configure:15398: result: yes
configure:15413: checking size of unsigned long
configure:15718: gcc -o conftest -O3   conftest.c -lm  >&5
configure:15722: $? = 0
configure:15728: ./conftest
configure:15732: $? = 0
configure:15758: result: 8
configure:15772: checking size of unsigned long long
configure:16077: gcc -o conftest -O3   conftest.c -lm  >&5
configure:16081: $? = 0
configure:16087: ./conftest
configure:16091: $? = 0
configure:16117: result: 8
configure:16131: checking size of off_t
configure:16436: gcc -o conftest -O3   conftest.c -lm  >&5
configure:16440: $? = 0
configure:16446: ./conftest
configure:16450: $? = 0
configure:16476: result: 8
configure:16493: checking for _LARGEFILE_SOURCE value needed for large files
configure:16522: gcc -o conftest -O3   conftest.c -lm  >&5
configure:16529: $? = 0
configure:16602: result: no
configure:16628: checking whether alloca is enabled
configure:17026: result: not specified so enabled by default
configure:17030: checking for working alloca.h
configure:17057: gcc -o conftest -O3   conftest.c -lm  >&5
configure:17064: $? = 0
configure:17084: result: yes
configure:17094: checking for alloca
configure:17141: gcc -o conftest -O3   conftest.c -lm  >&5
configure:17148: $? = 0
configure:17168: result: yes
configure:17409: checking whether mmap is enabled
configure:17816: result: not specified so enabled by default
configure:17829: checking for working mmap with MAP_FIXED
configure:17974: gcc -o conftest -O3   conftest.c -lm  >&5
conftest.c: In function 'main':
conftest.c:126:3: warning: implicit declaration of function 'umask' [-Wimplicit-function-declaration]
   umask (0);
   ^~~~~
configure:17981: $? = 0
configure:18001: result: yes
configure:18022: checking for working mmap with MAP_VARIABLE
configure:18167: gcc -o conftest -O3   conftest.c -lm  >&5
conftest.c: In function 'main':
conftest.c:126:3: warning: implicit declaration of function 'umask' [-Wimplicit-function-declaration]
   umask (0);
   ^~~~~
conftest.c:145:36: error: 'MAP_VARIABLE' undeclared (first use in this function)
                      MAP_PRIVATE | MAP_VARIABLE, fd, 0L))
                                    ^~~~~~~~~~~~
conftest.c:145:36: note: each undeclared identifier is reported only once for each function it appears in
configure:18174: $? = 1
configure: failed program was:
| /* confdefs.h.  */
| #define PACKAGE_NAME "gmap"
| #define PACKAGE_TARNAME "gmap"
| #define PACKAGE_VERSION "2014-12-24"
| #define PACKAGE_STRING "gmap 2014-12-24"
| #define PACKAGE_BUGREPORT "Thomas Wu <twu@gene.com>"
| #define PACKAGE "gmap"
| #define VERSION "2014-12-24"
| #define STDC_HEADERS 1
| #define HAVE_SYS_TYPES_H 1
| #define HAVE_SYS_STAT_H 1
| #define HAVE_STDLIB_H 1
| #define HAVE_STRING_H 1
| #define HAVE_MEMORY_H 1
| #define HAVE_STRINGS_H 1
| #define HAVE_INTTYPES_H 1
| #define HAVE_STDINT_H 1
| #define HAVE_UNISTD_H 1
| #define HAVE_DLFCN_H 1
| #define LT_OBJDIR ".libs/"
| #define HAVE_LIBM 1
| #define HAVE_PTHREAD 1
| #define STDC_HEADERS 1
| #define HAVE_DIRENT_H 1
| #define HAVE_FCNTL_H 1
| #define HAVE_LIMITS_H 1
| #define HAVE_STDDEF_H 1
| #define HAVE_STDLIB_H 1
| #define HAVE_STRING_H 1
| #define HAVE_STRINGS_H 1
| #define HAVE_UNISTD_H 1
| #define HAVE_SYS_TYPES_H 1
| #define HAVE_CADDR_T 1
| #define SIZEOF_UNSIGNED_LONG 8
| #define SIZEOF_UNSIGNED_LONG_LONG 8
| #define SIZEOF_OFF_T 8
| #define HAVE_FSEEKO 1
| #define HAVE_ALLOCA_H 1
| #define HAVE_ALLOCA 1
| /* end confdefs.h.  */
| 
| /* This modified from a test by Mike Haertel and Jim Avera.
|    Here is a matrix of mmap possibilities:
| 	mmap private not fixed
| 	mmap private fixed at somewhere currently unmapped
| 	mmap private fixed at somewhere already mapped
| 	mmap shared not fixed
| 	mmap shared fixed at somewhere currently unmapped
| 	mmap shared fixed at somewhere already mapped
| 
|    For private mappings, we should verify that changes cannot be read()
|    back from the file, nor mmap's back from the file at a different
|    address.  (There have been systems where private was not correctly
|    implemented like the infamous i386 svr4.0, and systems where the
|    VM page cache was not coherent with the file system buffer cache
|    like early versions of FreeBSD and possibly contemporary NetBSD.)
|    For shared mappings, we should conversely verify that changes get
|    propagated back to all the places they're supposed to be.
| 
|    Previous test was designed for grep, which needs private fixed already mapped.
|    We want shared variable.
| */
| 
| #include <fcntl.h>
| #include <sys/mman.h>
| #include <stdlib.h>
| #include <unistd.h>
| 
| #if !STDC_HEADERS && !HAVE_STDLIB_H
| char *malloc ();
| #endif
| 
| /* This mess was copied from the GNU getpagesize.h.  */
| #if !HAVE_GETPAGESIZE
| /* Assume that all systems that can run configure have sys/param.h.  */
| # if !HAVE_SYS_PARAM_H
| #  define HAVE_SYS_PARAM_H 1
| # endif
| 
| # ifdef _SC_PAGESIZE
| #  define getpagesize() sysconf(_SC_PAGESIZE)
| # else /* no _SC_PAGESIZE */
| #  if HAVE_SYS_PARAM_H
| #   include <sys/param.h>
| #   ifdef EXEC_PAGESIZE
| #    define getpagesize() EXEC_PAGESIZE
| #   else /* no EXEC_PAGESIZE */
| #    ifdef NBPG
| #     define getpagesize() NBPG * CLSIZE
| #     ifndef CLSIZE
| #      define CLSIZE 1
| #     endif /* no CLSIZE */
| #    else /* no NBPG */
| #     ifdef NBPC
| #      define getpagesize() NBPC
| #     else /* no NBPC */
| #      ifdef PAGESIZE
| #       define getpagesize() PAGESIZE
| #      endif /* PAGESIZE */
| #     endif /* no NBPC */
| #    endif /* no NBPG */
| #   endif /* no EXEC_PAGESIZE */
| #  else /* no HAVE_SYS_PARAM_H */
| #   define getpagesize() 8192	/* punt totally */
| #  endif /* no HAVE_SYS_PARAM_H */
| # endif /* no _SC_PAGESIZE */
| 
| #endif /* no HAVE_GETPAGESIZE */
| 
| int
| main ()
| {
| 
|   char *data, *data2, *data3;
|   size_t i, pagesize;
|   int fd;
| 
|   pagesize = getpagesize ();
| 
|   /* First, make a file with some known garbage in it. */
|   data = (char *) malloc (pagesize);
|   if (!data)
|     exit (1);
|   for (i = 0; i < pagesize; ++i)
|     *(data + i) = rand ();
|   umask (0);
|   fd = creat ("conftest.mmap", 0600);
|   if (fd < 0)
|     exit (1);
|   if (write (fd, data, pagesize) != pagesize)
|     exit (1);
|   close (fd);
| 
|   /* Next, try to mmap the file at a fixed address which already has
|      something else allocated at it.  If we can, also make sure that
|      we see the same garbage.  */
|   fd = open ("conftest.mmap", O_RDWR);
|   if (fd < 0)
|     exit (1);
|   data2 = (char *) malloc (2 * pagesize);
|   if (!data2)
|     exit (1);
|   data2 += (pagesize - ((size_t) data2 & (pagesize - 1))) & (pagesize - 1);
|   if (data2 != mmap (data2, pagesize, PROT_READ | PROT_WRITE,
|                      MAP_PRIVATE | MAP_VARIABLE, fd, 0L))
|     exit (1);
|   for (i = 0; i < pagesize; ++i)
|     if (*(data + i) != *(data2 + i))
|       exit (1);
| 
|   /* Finally, make sure that changes to the mapped area do not
|      percolate back to the file as seen by read().  (This is a bug on
|      some variants of i386 svr4.0.)  */
|   for (i = 0; i < pagesize; ++i)
|     *(data2 + i) = *(data2 + i) + 1;
|   data3 = (char *) malloc (pagesize);
|   if (!data3)
|     exit (1);
|   if (read (fd, data3, pagesize) != pagesize)
|     exit (1);
|   for (i = 0; i < pagesize; ++i)
|     if (*(data + i) != *(data3 + i))
|       exit (1);
|   close (fd);
|   exit (0);
| 
|   ;
|   return 0;
| }
configure:18194: result: no
configure:18233: checking for MAP_FILE in mmap
configure:18257: gcc -c -O3  conftest.c >&5
configure:18264: $? = 0
configure:18269: result: yes
configure:18286: checking for MAP_VARIABLE in mmap
configure:18310: gcc -c -O3  conftest.c >&5
conftest.c: In function 'main':
conftest.c:48:13: error: 'MAP_VARIABLE' undeclared (first use in this function)
 int flags = MAP_VARIABLE;
             ^~~~~~~~~~~~
conftest.c:48:13: note: each undeclared identifier is reported only once for each function it appears in
configure:18317: $? = 1
configure: failed program was:
| /* confdefs.h.  */
| #define PACKAGE_NAME "gmap"
| #define PACKAGE_TARNAME "gmap"
| #define PACKAGE_VERSION "2014-12-24"
| #define PACKAGE_STRING "gmap 2014-12-24"
| #define PACKAGE_BUGREPORT "Thomas Wu <twu@gene.com>"
| #define PACKAGE "gmap"
| #define VERSION "2014-12-24"
| #define STDC_HEADERS 1
| #define HAVE_SYS_TYPES_H 1
| #define HAVE_SYS_STAT_H 1
| #define HAVE_STDLIB_H 1
| #define HAVE_STRING_H 1
| #define HAVE_MEMORY_H 1
| #define HAVE_STRINGS_H 1
| #define HAVE_INTTYPES_H 1
| #define HAVE_STDINT_H 1
| #define HAVE_UNISTD_H 1
| #define HAVE_DLFCN_H 1
| #define LT_OBJDIR ".libs/"
| #define HAVE_LIBM 1
| #define HAVE_PTHREAD 1
| #define STDC_HEADERS 1
| #define HAVE_DIRENT_H 1
| #define HAVE_FCNTL_H 1
| #define HAVE_LIMITS_H 1
| #define HAVE_STDDEF_H 1
| #define HAVE_STDLIB_H 1
| #define HAVE_STRING_H 1
| #define HAVE_STRINGS_H 1
| #define HAVE_UNISTD_H 1
| #define HAVE_SYS_TYPES_H 1
| #define HAVE_CADDR_T 1
| #define SIZEOF_UNSIGNED_LONG 8
| #define SIZEOF_UNSIGNED_LONG_LONG 8
| #define SIZEOF_OFF_T 8
| #define HAVE_FSEEKO 1
| #define HAVE_ALLOCA_H 1
| #define HAVE_ALLOCA 1
| #define HAVE_MMAP 1
| #define HAVE_MMAP_MAP_FILE 1
| /* end confdefs.h.  */
| #include <sys/types.h>
| #include <sys/mman.h>
| int
| main ()
| {
| int flags = MAP_VARIABLE;
|   ;
|   return 0;
| }
configure:18333: result: no
configure:18339: checking for MAP_SHARED in mmap
configure:18363: gcc -c -O3  conftest.c >&5
configure:18370: $? = 0
configure:18375: result: yes
configure:18392: checking for MAP_PRIVATE in mmap
configure:18416: gcc -c -O3  conftest.c >&5
configure:18423: $? = 0
configure:18428: result: yes
configure:18445: checking for MAP_FAILED in mmap
configure:18469: gcc -c -O3  conftest.c >&5
configure:18476: $? = 0
configure:18481: result: yes
configure:18514: checking for MADV_DONTNEED in madvise
configure:18538: gcc -c -O3  conftest.c >&5
configure:18545: $? = 0
configure:18550: result: yes
configure:18567: checking for MADV_WILLNEED in madvise
configure:18591: gcc -c -O3  conftest.c >&5
configure:18598: $? = 0
configure:18603: result: yes
configure:18620: checking for MADV_RANDOM in madvise
configure:18644: gcc -c -O3  conftest.c >&5
configure:18651: $? = 0
configure:18656: result: yes
configure:18673: checking for MADV_SEQUENTIAL in madvise
configure:18697: gcc -c -O3  conftest.c >&5
configure:18704: $? = 0
configure:18709: result: yes
configure:18753: checking for ceil
configure:18809: gcc -o conftest -O3   conftest.c -lm  >&5
conftest.c:72:6: warning: conflicting types for built-in function 'ceil'
 char ceil ();
      ^~~~
configure:18816: $? = 0
configure:18838: result: yes
configure:18753: checking for floor
configure:18809: gcc -o conftest -O3   conftest.c -lm  >&5
conftest.c:73:6: warning: conflicting types for built-in function 'floor'
 char floor ();
      ^~~~~
configure:18816: $? = 0
configure:18838: result: yes
configure:18753: checking for index
configure:18809: gcc -o conftest -O3   conftest.c -lm  >&5
conftest.c:74:6: warning: conflicting types for built-in function 'index'
 char index ();
      ^~~~~
configure:18816: $? = 0
configure:18838: result: yes
configure:18753: checking for log
configure:18809: gcc -o conftest -O3   conftest.c -lm  >&5
conftest.c:75:6: warning: conflicting types for built-in function 'log'
 char log ();
      ^~~
configure:18816: $? = 0
configure:18838: result: yes
configure:18753: checking for madvise
configure:18809: gcc -o conftest -O3   conftest.c -lm  >&5
configure:18816: $? = 0
configure:18838: result: yes
configure:18753: checking for memcpy
configure:18809: gcc -o conftest -O3   conftest.c -lm  >&5
conftest.c:77:6: warning: conflicting types for built-in function 'memcpy'
 char memcpy ();
      ^~~~~~
configure:18816: $? = 0
configure:18838: result: yes
configure:18753: checking for memmove
configure:18809: gcc -o conftest -O3   conftest.c -lm  >&5
conftest.c:78:6: warning: conflicting types for built-in function 'memmove'
 char memmove ();
      ^~~~~~~
configure:18816: $? = 0
configure:18838: result: yes
configure:18753: checking for memset
configure:18809: gcc -o conftest -O3   conftest.c -lm  >&5
conftest.c:79:6: warning: conflicting types for built-in function 'memset'
 char memset ();
      ^~~~~~
configure:18816: $? = 0
configure:18838: result: yes
configure:18753: checking for munmap
configure:18809: gcc -o conftest -O3   conftest.c -lm  >&5
configure:18816: $? = 0
configure:18838: result: yes
configure:18753: checking for pow
configure:18809: gcc -o conftest -O3   conftest.c -lm  >&5
conftest.c:81:6: warning: conflicting types for built-in function 'pow'
 char pow ();
      ^~~
configure:18816: $? = 0
configure:18838: result: yes
configure:18753: checking for rint
configure:18809: gcc -o conftest -O3   conftest.c -lm  >&5
conftest.c:82:6: warning: conflicting types for built-in function 'rint'
 char rint ();
      ^~~~
configure:18816: $? = 0
configure:18838: result: yes
configure:18753: checking for stat64
configure:18809: gcc -o conftest -O3   conftest.c -lm  >&5
configure:18816: $? = 0
configure:18838: result: yes
configure:18753: checking for strtoul
configure:18809: gcc -o conftest -O3   conftest.c -lm  >&5
configure:18816: $? = 0
configure:18838: result: yes
configure:18753: checking for sysconf
configure:18809: gcc -o conftest -O3   conftest.c -lm  >&5
configure:18816: $? = 0
configure:18838: result: yes
configure:18753: checking for sysctl
configure:18809: gcc -o conftest -O3   conftest.c -lm  >&5
configure:18816: $? = 0
configure:18838: result: yes
configure:18753: checking for sigaction
configure:18809: gcc -o conftest -O3   conftest.c -lm  >&5
configure:18816: $? = 0
configure:18838: result: yes
configure:18860: checking for struct stat64
configure:18883: gcc -c -O3  conftest.c >&5
conftest.c: In function 'main':
conftest.c:69:15: error: storage size of 'st' isn't known
 struct stat64 st; stat64("/tmp/foo",&st);
               ^~
conftest.c:69:19: warning: implicit declaration of function 'stat64' [-Wimplicit-function-declaration]
 struct stat64 st; stat64("/tmp/foo",&st);
                   ^~~~~~
configure:18890: $? = 1
configure: failed program was:
| /* confdefs.h.  */
| #define PACKAGE_NAME "gmap"
| #define PACKAGE_TARNAME "gmap"
| #define PACKAGE_VERSION "2014-12-24"
| #define PACKAGE_STRING "gmap 2014-12-24"
| #define PACKAGE_BUGREPORT "Thomas Wu <twu@gene.com>"
| #define PACKAGE "gmap"
| #define VERSION "2014-12-24"
| #define STDC_HEADERS 1
| #define HAVE_SYS_TYPES_H 1
| #define HAVE_SYS_STAT_H 1
| #define HAVE_STDLIB_H 1
| #define HAVE_STRING_H 1
| #define HAVE_MEMORY_H 1
| #define HAVE_STRINGS_H 1
| #define HAVE_INTTYPES_H 1
| #define HAVE_STDINT_H 1
| #define HAVE_UNISTD_H 1
| #define HAVE_DLFCN_H 1
| #define LT_OBJDIR ".libs/"
| #define HAVE_LIBM 1
| #define HAVE_PTHREAD 1
| #define STDC_HEADERS 1
| #define HAVE_DIRENT_H 1
| #define HAVE_FCNTL_H 1
| #define HAVE_LIMITS_H 1
| #define HAVE_STDDEF_H 1
| #define HAVE_STDLIB_H 1
| #define HAVE_STRING_H 1
| #define HAVE_STRINGS_H 1
| #define HAVE_UNISTD_H 1
| #define HAVE_SYS_TYPES_H 1
| #define HAVE_CADDR_T 1
| #define SIZEOF_UNSIGNED_LONG 8
| #define SIZEOF_UNSIGNED_LONG_LONG 8
| #define SIZEOF_OFF_T 8
| #define HAVE_FSEEKO 1
| #define HAVE_ALLOCA_H 1
| #define HAVE_ALLOCA 1
| #define HAVE_MMAP 1
| #define HAVE_MMAP_MAP_FILE 1
| #define HAVE_MMAP_MAP_SHARED 1
| #define HAVE_MMAP_MAP_PRIVATE 1
| #define HAVE_MADVISE_MADV_DONTNEED 1
| #define HAVE_MADVISE_MADV_WILLNEED 1
| #define HAVE_MADVISE_MADV_RANDOM 1
| #define HAVE_MADVISE_MADV_SEQUENTIAL 1
| #define HAVE_CEIL 1
| #define HAVE_FLOOR 1
| #define HAVE_INDEX 1
| #define HAVE_LOG 1
| #define HAVE_MADVISE 1
| #define HAVE_MEMCPY 1
| #define HAVE_MEMMOVE 1
| #define HAVE_MEMSET 1
| #define HAVE_MUNMAP 1
| #define HAVE_POW 1
| #define HAVE_RINT 1
| #define HAVE_STAT64 1
| #define HAVE_STRTOUL 1
| #define HAVE_SYSCONF 1
| #define HAVE_SYSCTL 1
| #define HAVE_SIGACTION 1
| /* end confdefs.h.  */
| #include <sys/stat.h>
| int
| main ()
| {
| struct stat64 st; stat64("/tmp/foo",&st);
|   ;
|   return 0;
| }
configure:18906: result: no
configure:18928: checking for pagesize via sysconf
configure:18951: gcc -c -O3  conftest.c >&5
configure:18958: $? = 0
configure:18963: result: yes
configure:18980: checking for pagesize via sysctl
configure:19004: gcc -c -O3  conftest.c >&5
conftest.c: In function 'main':
conftest.c:71:63: error: 'CTL_HW' undeclared (first use in this function)
 int mib[2], pagesize; size_t len = sizeof(pagesize); mib[0] = CTL_HW; mib[1] = HW_PAGESIZE; sysctl(mib,2,&pagesize,&len,NULL,0);
                                                               ^~~~~~
conftest.c:71:63: note: each undeclared identifier is reported only once for each function it appears in
conftest.c:71:80: error: 'HW_PAGESIZE' undeclared (first use in this function)
 int mib[2], pagesize; size_t len = sizeof(pagesize); mib[0] = CTL_HW; mib[1] = HW_PAGESIZE; sysctl(mib,2,&pagesize,&len,NULL,0);
                                                                                ^~~~~~~~~~~
conftest.c:71:121: error: 'NULL' undeclared (first use in this function)
 int mib[2], pagesize; size_t len = sizeof(pagesize); mib[0] = CTL_HW; mib[1] = HW_PAGESIZE; sysctl(mib,2,&pagesize,&len,NULL,0);
                                                                                                                         ^~~~
configure:19011: $? = 1
configure: failed program was:
| /* confdefs.h.  */
| #define PACKAGE_NAME "gmap"
| #define PACKAGE_TARNAME "gmap"
| #define PACKAGE_VERSION "2014-12-24"
| #define PACKAGE_STRING "gmap 2014-12-24"
| #define PACKAGE_BUGREPORT "Thomas Wu <twu@gene.com>"
| #define PACKAGE "gmap"
| #define VERSION "2014-12-24"
| #define STDC_HEADERS 1
| #define HAVE_SYS_TYPES_H 1
| #define HAVE_SYS_STAT_H 1
| #define HAVE_STDLIB_H 1
| #define HAVE_STRING_H 1
| #define HAVE_MEMORY_H 1
| #define HAVE_STRINGS_H 1
| #define HAVE_INTTYPES_H 1
| #define HAVE_STDINT_H 1
| #define HAVE_UNISTD_H 1
| #define HAVE_DLFCN_H 1
| #define LT_OBJDIR ".libs/"
| #define HAVE_LIBM 1
| #define HAVE_PTHREAD 1
| #define STDC_HEADERS 1
| #define HAVE_DIRENT_H 1
| #define HAVE_FCNTL_H 1
| #define HAVE_LIMITS_H 1
| #define HAVE_STDDEF_H 1
| #define HAVE_STDLIB_H 1
| #define HAVE_STRING_H 1
| #define HAVE_STRINGS_H 1
| #define HAVE_UNISTD_H 1
| #define HAVE_SYS_TYPES_H 1
| #define HAVE_CADDR_T 1
| #define SIZEOF_UNSIGNED_LONG 8
| #define SIZEOF_UNSIGNED_LONG_LONG 8
| #define SIZEOF_OFF_T 8
| #define HAVE_FSEEKO 1
| #define HAVE_ALLOCA_H 1
| #define HAVE_ALLOCA 1
| #define HAVE_MMAP 1
| #define HAVE_MMAP_MAP_FILE 1
| #define HAVE_MMAP_MAP_SHARED 1
| #define HAVE_MMAP_MAP_PRIVATE 1
| #define HAVE_MADVISE_MADV_DONTNEED 1
| #define HAVE_MADVISE_MADV_WILLNEED 1
| #define HAVE_MADVISE_MADV_RANDOM 1
| #define HAVE_MADVISE_MADV_SEQUENTIAL 1
| #define HAVE_CEIL 1
| #define HAVE_FLOOR 1
| #define HAVE_INDEX 1
| #define HAVE_LOG 1
| #define HAVE_MADVISE 1
| #define HAVE_MEMCPY 1
| #define HAVE_MEMMOVE 1
| #define HAVE_MEMSET 1
| #define HAVE_MUNMAP 1
| #define HAVE_POW 1
| #define HAVE_RINT 1
| #define HAVE_STAT64 1
| #define HAVE_STRTOUL 1
| #define HAVE_SYSCONF 1
| #define HAVE_SYSCTL 1
| #define HAVE_SIGACTION 1
| #define PAGESIZE_VIA_SYSCONF 1
| /* end confdefs.h.  */
| #include <sys/types.h>
| #include <sys/sysctl.h>
| int
| main ()
| {
| int mib[2], pagesize; size_t len = sizeof(pagesize); mib[0] = CTL_HW; mib[1] = HW_PAGESIZE; sysctl(mib,2,&pagesize,&len,NULL,0);
|   ;
|   return 0;
| }
configure:19027: result: no
configure:19042: checking whether fopen accepts "b" mode
configure:19072: gcc -o conftest -O3   conftest.c -lm  >&5
configure:19076: $? = 0
configure:19082: ./conftest
configure:19086: $? = 0
configure:19103: result: yes
configure:19113: checking whether fopen accepts "t" mode
configure:19143: gcc -o conftest -O3   conftest.c -lm  >&5
configure:19147: $? = 0
configure:19153: ./conftest
configure:19157: $? = 0
configure:19174: result: yes
configure:19185: checking for builtin popcount/clz/ctz features
configure:19515: result: not specified so enabled by default
configure:19530: checking whether -mpopcnt compiler flag works
configure:19568: gcc -o conftest -O3 -mpopcnt   conftest.c -lm  >&5
configure:19572: $? = 0
configure:19578: ./conftest
configure:19582: $? = 0
configure:19584: result: yes
configure:19607: checking for __builtin_popcount
configure:19639: gcc -o conftest -O3 -mpopcnt   conftest.c -lm  >&5
configure:19643: $? = 0
configure:19649: ./conftest
configure:19653: $? = 0
configure:19655: result: yes
configure:19677: checking for __builtin_clz
configure:19709: gcc -o conftest -O3 -mpopcnt   conftest.c -lm  >&5
configure:19713: $? = 0
configure:19719: ./conftest
configure:19723: $? = 0
configure:19725: result: yes
configure:19747: checking for __builtin_ctz
configure:19779: gcc -o conftest -O3 -mpopcnt   conftest.c -lm  >&5
configure:19783: $? = 0
configure:19789: ./conftest
configure:19793: $? = 0
configure:19795: result: yes
configure:19842: checking for bsr instruction in assembly
configure:19865: gcc -c -O3  conftest.c >&5
conftest.c: In function 'main':
conftest.c:75:27: warning: implicit declaration of function 'rand' [-Wimplicit-function-declaration]
 int msb; unsigned int x = rand(); asm("bsr %1,%0" : "=r"(msb) : "r"(x));
                           ^~~~
configure:19872: $? = 0
configure:19877: result: yes
configure:19903: checking whether sse2 is enabled
configure:19926: result: not specified so enabled by default
configure:19944: checking compiler is defective and requires an immediate in sse2 shift commands
configure:19972: gcc -c -O3  conftest.c >&5
configure:19979: $? = 0
configure:19994: result: no
configure:20014: checking whether ssse3 is enabled
configure:20042: result: not specified so enabled by default
configure:20051: checking whether sse4.1 is enabled
configure:20079: result: not specified so enabled by default
configure:20087: checking whether sse4.2 is enabled
configure:20115: result: not specified so enabled by default
configure:20123: checking whether avx is enabled
configure:20151: result: not specified so enabled by default
configure:20159: checking whether avx2 is enabled
configure:20187: result: not specified so enabled by default
configure:20195: checking whether simd is enabled
configure:22604: result: not specified so enabled by default
configure:22712: checking for x86 cpuid 0x00000001 output
configure:22751: gcc -o conftest -O3   conftest.c -lm  >&5
configure:22755: $? = 0
configure:22761: ./conftest
configure:22765: $? = 0
configure:22782: result: 206d7:42200800:1fbee3ff:bfebfbff
configure:22799: checking whether mmx is enabled and supported by CPU
configure:22813: result: yes
configure:22816: checking whether sse is enabled and supported by CPU
configure:22829: result: yes
configure:22832: checking whether sse2 is enabled and supported by CPU
configure:22847: result: yes
configure:22850: checking whether sse3 is enabled and supported by CPU
configure:22863: result: yes
configure:22866: checking whether ssse3 is enabled and supported by CPU
configure:22881: result: yes
configure:22884: checking whether sse4.1 is enabled and supported by CPU
configure:22899: result: yes
configure:22902: checking whether sse4.2 is enabled and supported by CPU
configure:22917: result: yes
configure:22920: checking whether avx is enabled and supported by CPU
configure:22935: result: yes
configure:22946: checking for x86-AVX xgetbv 0x00000000 output
configure:22986: gcc -o conftest -O3   conftest.c -lm  >&5
configure:22990: $? = 0
configure:22996: ./conftest
configure:23000: $? = 0
configure:23017: result: 7:0
configure:23032: checking whether avx is supported by operating system
configure:23047: result: yes
configure:23056: checking whether popcnt is enabled and supported by CPU
configure:23068: result: yes
configure:23079: checking for x86 cpuid 0x80000001 output
configure:23118: gcc -o conftest -O3   conftest.c -lm  >&5
configure:23122: $? = 0
configure:23128: ./conftest
configure:23132: $? = 0
configure:23149: result: 0:0:1:2c100800
configure:23161: checking whether lzcnt is enabled and supported by CPU
configure:23173: result: no
configure:23184: checking for x86 cpuid 0x00000007 output
configure:23223: gcc -o conftest -O3   conftest.c -lm  >&5
configure:23227: $? = 0
configure:23233: ./conftest
configure:23237: $? = 0
configure:23254: result: 0:0:0:0
configure:23267: checking whether avx2 is enabled and supported by CPU
configure:23282: result: no
configure:23285: checking whether bmi1 is enabled and supported by CPU
configure:23297: result: no
configure:23300: checking whether bmi2 is enabled and supported by CPU
configure:23312: result: no
configure:23316: checking whether C compiler accepts -mmmx
configure:23345: gcc -c -O3  -mmmx  conftest.c >&5
configure:23352: $? = 0
configure:23368: result: yes
configure:23381: checking for mmintrin.h header file
configure:23405: gcc -o conftest -mmmx   conftest.c -lm  >&5
configure:23412: $? = 0
configure:23437: result: yes
configure:23451: checking whether C compiler accepts -msse
configure:23480: gcc -c -mmmx  -msse  conftest.c >&5
configure:23487: $? = 0
configure:23503: result: yes
configure:23516: checking for xmmintrin.h header file
configure:23540: gcc -o conftest -msse   conftest.c -lm  >&5
configure:23547: $? = 0
configure:23572: result: yes
configure:23586: checking whether C compiler accepts -msse2
configure:23615: gcc -c -msse  -msse2  conftest.c >&5
configure:23622: $? = 0
configure:23638: result: yes
configure:23651: checking for emmintrin.h header file
configure:23675: gcc -o conftest -msse2   conftest.c -lm  >&5
configure:23682: $? = 0
configure:23707: result: yes
configure:23721: checking whether C compiler accepts -msse3
configure:23750: gcc -c -msse2  -msse3  conftest.c >&5
configure:23757: $? = 0
configure:23773: result: yes
configure:23786: checking for pmmintrin.h header file
configure:23810: gcc -o conftest -msse3   conftest.c -lm  >&5
configure:23817: $? = 0
configure:23842: result: yes
configure:23856: checking whether C compiler accepts -mssse3
configure:23885: gcc -c -msse3  -mssse3  conftest.c >&5
configure:23892: $? = 0
configure:23908: result: yes
configure:23921: checking for tmmintrin.h header file
configure:23945: gcc -o conftest -mssse3   conftest.c -lm  >&5
configure:23952: $? = 0
configure:23977: result: yes
configure:23991: checking whether C compiler accepts -msse4.1
configure:24020: gcc -c -mssse3  -msse4.1  conftest.c >&5
configure:24027: $? = 0
configure:24043: result: yes
configure:24056: checking for smmintrin.h header file
configure:24080: gcc -o conftest -msse4.1   conftest.c -lm  >&5
configure:24087: $? = 0
configure:24112: result: yes
configure:24126: checking whether C compiler accepts -msse4.2
configure:24155: gcc -c -msse4.1  -msse4.2  conftest.c >&5
configure:24162: $? = 0
configure:24178: result: yes
configure:24191: checking for nmmintrin.h header file
configure:24215: gcc -o conftest -msse4.2   conftest.c -lm  >&5
configure:24222: $? = 0
configure:24247: result: yes
configure:24287: gcc -o conftest -msse4.2   conftest.c -lm  >&5
configure:24291: $? = 0
configure:24297: ./conftest
configure:24301: $? = 0
configure:24329: checking whether C compiler accepts -mavx
configure:24358: gcc -c -msse4.2  -mavx  conftest.c >&5
configure:24365: $? = 0
configure:24381: result: yes
configure:24394: checking for immintrin.h header file
configure:24418: gcc -o conftest -mavx   conftest.c -lm  >&5
configure:24425: $? = 0
configure:24450: result: yes
configure:24490: gcc -o conftest -mavx   conftest.c -lm  >&5
conftest.c: In function 'main':
conftest.c:85:9: warning: implicit declaration of function '_popcnt32' [-Wimplicit-function-declaration]
 return (_popcnt32(0xffffffffu) == 32) ? 0 : 9;
         ^~~~~~~~~
/tmp/cckAcrIh.o: In function `main':
conftest.c:(.text+0xf): undefined reference to `_popcnt32'
collect2: error: ld returned 1 exit status
configure:24494: $? = 1
configure: program exited with status 1
configure: failed program was:
| /* confdefs.h.  */
| #define PACKAGE_NAME "gmap"
| #define PACKAGE_TARNAME "gmap"
| #define PACKAGE_VERSION "2014-12-24"
| #define PACKAGE_STRING "gmap 2014-12-24"
| #define PACKAGE_BUGREPORT "Thomas Wu <twu@gene.com>"
| #define PACKAGE "gmap"
| #define VERSION "2014-12-24"
| #define STDC_HEADERS 1
| #define HAVE_SYS_TYPES_H 1
| #define HAVE_SYS_STAT_H 1
| #define HAVE_STDLIB_H 1
| #define HAVE_STRING_H 1
| #define HAVE_MEMORY_H 1
| #define HAVE_STRINGS_H 1
| #define HAVE_INTTYPES_H 1
| #define HAVE_STDINT_H 1
| #define HAVE_UNISTD_H 1
| #define HAVE_DLFCN_H 1
| #define LT_OBJDIR ".libs/"
| #define HAVE_LIBM 1
| #define HAVE_PTHREAD 1
| #define STDC_HEADERS 1
| #define HAVE_DIRENT_H 1
| #define HAVE_FCNTL_H 1
| #define HAVE_LIMITS_H 1
| #define HAVE_STDDEF_H 1
| #define HAVE_STDLIB_H 1
| #define HAVE_STRING_H 1
| #define HAVE_STRINGS_H 1
| #define HAVE_UNISTD_H 1
| #define HAVE_SYS_TYPES_H 1
| #define HAVE_CADDR_T 1
| #define SIZEOF_UNSIGNED_LONG 8
| #define SIZEOF_UNSIGNED_LONG_LONG 8
| #define SIZEOF_OFF_T 8
| #define HAVE_FSEEKO 1
| #define HAVE_ALLOCA_H 1
| #define HAVE_ALLOCA 1
| #define HAVE_MMAP 1
| #define HAVE_MMAP_MAP_FILE 1
| #define HAVE_MMAP_MAP_SHARED 1
| #define HAVE_MMAP_MAP_PRIVATE 1
| #define HAVE_MADVISE_MADV_DONTNEED 1
| #define HAVE_MADVISE_MADV_WILLNEED 1
| #define HAVE_MADVISE_MADV_RANDOM 1
| #define HAVE_MADVISE_MADV_SEQUENTIAL 1
| #define HAVE_CEIL 1
| #define HAVE_FLOOR 1
| #define HAVE_INDEX 1
| #define HAVE_LOG 1
| #define HAVE_MADVISE 1
| #define HAVE_MEMCPY 1
| #define HAVE_MEMMOVE 1
| #define HAVE_MEMSET 1
| #define HAVE_MUNMAP 1
| #define HAVE_POW 1
| #define HAVE_RINT 1
| #define HAVE_STAT64 1
| #define HAVE_STRTOUL 1
| #define HAVE_SYSCONF 1
| #define HAVE_SYSCTL 1
| #define HAVE_SIGACTION 1
| #define PAGESIZE_VIA_SYSCONF 1
| #define USE_FOPEN_BINARY 1
| #define USE_FOPEN_TEXT 1
| #define HAVE_BUILTIN_POPCOUNT 1
| #define HAVE_BUILTIN_CLZ 1
| #define HAVE_BUILTIN_CTZ 1
| #define HAVE_ASM_BSR 1
| #define HAVE_MMX 1
| #define HAVE_SSE 1
| #define HAVE_SSE2 1
| #define HAVE_SSE3 1
| #define HAVE_SSSE3 1
| #define HAVE_SSE4_1 1
| #define HAVE_SSE4_2 1
| #define HAVE_MM_POPCNT 1
| #define HAVE_AVX 1
| /* end confdefs.h.  */
| #include <immintrin.h>
| int
| main ()
| {
| return (_popcnt32(0xffffffffu) == 32) ? 0 : 9;
|   ;
|   return 0;
| }
configure:24825: checking gmapdb
configure:24868: result: /Shared/Au/shuhfu/idpdenovo_test/idpdenovo-v.2/plugins/gmap-2014-12-24/../BIN/share
configure:24873: checking MAX_READLENGTH
configure:24906: result: 300
configure:24912: checking for zlib support
configure:24930: result: enabled
configure:24944: checking zlib.h usability
configure:24961: gcc -c -O3  conftest.c >&5
configure:24968: $? = 0
configure:24982: result: yes
configure:24986: checking zlib.h presence
configure:25001: gcc -E  conftest.c
configure:25008: $? = 0
configure:25022: result: yes
configure:25055: checking for zlib.h
configure:25062: result: yes
configure:25073: checking for gzopen in -lz
configure:25108: gcc -o conftest -O3   conftest.c -lz  -lm  >&5
configure:25115: $? = 0
configure:25136: result: yes
configure:25144: checking for gzeof in -lz
configure:25179: gcc -o conftest -O3   conftest.c -lz  -lm  >&5
configure:25186: $? = 0
configure:25207: result: yes
configure:25215: checking for gzgetc in -lz
configure:25250: gcc -o conftest -O3   conftest.c -lz  -lm  >&5
configure:25257: $? = 0
configure:25278: result: yes
configure:25286: checking for gzgets in -lz
configure:25321: gcc -o conftest -O3   conftest.c -lz  -lm  >&5
configure:25328: $? = 0
configure:25349: result: yes
configure:25357: checking for gzclose in -lz
configure:25392: gcc -o conftest -O3   conftest.c -lz  -lm  >&5
configure:25399: $? = 0
configure:25420: result: yes
configure:25428: checking if zlib package is complete
configure:25437: result: working
configure:25447: checking for gzbuffer in -lz
configure:25482: gcc -o conftest -O3   conftest.c -lz  -lm  >&5
/tmp/ccUERYZK.o: In function `main':
conftest.c:(.text.startup+0x7): undefined reference to `gzbuffer'
collect2: error: ld returned 1 exit status
configure:25489: $? = 1
configure: failed program was:
| /* confdefs.h.  */
| #define PACKAGE_NAME "gmap"
| #define PACKAGE_TARNAME "gmap"
| #define PACKAGE_VERSION "2014-12-24"
| #define PACKAGE_STRING "gmap 2014-12-24"
| #define PACKAGE_BUGREPORT "Thomas Wu <twu@gene.com>"
| #define PACKAGE "gmap"
| #define VERSION "2014-12-24"
| #define STDC_HEADERS 1
| #define HAVE_SYS_TYPES_H 1
| #define HAVE_SYS_STAT_H 1
| #define HAVE_STDLIB_H 1
| #define HAVE_STRING_H 1
| #define HAVE_MEMORY_H 1
| #define HAVE_STRINGS_H 1
| #define HAVE_INTTYPES_H 1
| #define HAVE_STDINT_H 1
| #define HAVE_UNISTD_H 1
| #define HAVE_DLFCN_H 1
| #define LT_OBJDIR ".libs/"
| #define HAVE_LIBM 1
| #define HAVE_PTHREAD 1
| #define STDC_HEADERS 1
| #define HAVE_DIRENT_H 1
| #define HAVE_FCNTL_H 1
| #define HAVE_LIMITS_H 1
| #define HAVE_STDDEF_H 1
| #define HAVE_STDLIB_H 1
| #define HAVE_STRING_H 1
| #define HAVE_STRINGS_H 1
| #define HAVE_UNISTD_H 1
| #define HAVE_SYS_TYPES_H 1
| #define HAVE_CADDR_T 1
| #define SIZEOF_UNSIGNED_LONG 8
| #define SIZEOF_UNSIGNED_LONG_LONG 8
| #define SIZEOF_OFF_T 8
| #define HAVE_FSEEKO 1
| #define HAVE_ALLOCA_H 1
| #define HAVE_ALLOCA 1
| #define HAVE_MMAP 1
| #define HAVE_MMAP_MAP_FILE 1
| #define HAVE_MMAP_MAP_SHARED 1
| #define HAVE_MMAP_MAP_PRIVATE 1
| #define HAVE_MADVISE_MADV_DONTNEED 1
| #define HAVE_MADVISE_MADV_WILLNEED 1
| #define HAVE_MADVISE_MADV_RANDOM 1
| #define HAVE_MADVISE_MADV_SEQUENTIAL 1
| #define HAVE_CEIL 1
| #define HAVE_FLOOR 1
| #define HAVE_INDEX 1
| #define HAVE_LOG 1
| #define HAVE_MADVISE 1
| #define HAVE_MEMCPY 1
| #define HAVE_MEMMOVE 1
| #define HAVE_MEMSET 1
| #define HAVE_MUNMAP 1
| #define HAVE_POW 1
| #define HAVE_RINT 1
| #define HAVE_STAT64 1
| #define HAVE_STRTOUL 1
| #define HAVE_SYSCONF 1
| #define HAVE_SYSCTL 1
| #define HAVE_SIGACTION 1
| #define PAGESIZE_VIA_SYSCONF 1
| #define USE_FOPEN_BINARY 1
| #define USE_FOPEN_TEXT 1
| #define HAVE_BUILTIN_POPCOUNT 1
| #define HAVE_BUILTIN_CLZ 1
| #define HAVE_BUILTIN_CTZ 1
| #define HAVE_ASM_BSR 1
| #define HAVE_MMX 1
| #define HAVE_SSE 1
| #define HAVE_SSE2 1
| #define HAVE_SSE3 1
| #define HAVE_SSSE3 1
| #define HAVE_SSE4_1 1
| #define HAVE_SSE4_2 1
| #define HAVE_MM_POPCNT 1
| #define HAVE_AVX 1
| #define HAVE_ZLIB 1
| /* end confdefs.h.  */
| 
| /* Override any GCC internal prototype to avoid an error.
|    Use char because int might match the return type of a GCC
|    builtin and then its argument prototype would still apply.  */
| #ifdef __cplusplus
| extern "C"
| #endif
| char gzbuffer ();
| int
| main ()
| {
| return gzbuffer ();
|   ;
|   return 0;
| }
configure:25510: result: no
configure:25535: checking for bzlib support
configure:25553: result: enabled
configure:25567: checking bzlib.h usability
configure:25584: gcc -c -O3  conftest.c >&5
configure:25591: $? = 0
configure:25605: result: yes
configure:25609: checking bzlib.h presence
configure:25624: gcc -E  conftest.c
configure:25631: $? = 0
configure:25645: result: yes
configure:25678: checking for bzlib.h
configure:25685: result: yes
configure:25696: checking for BZ2_bzReadOpen in -lbz2
configure:25731: gcc -o conftest -O3   conftest.c -lbz2  -lm  >&5
configure:25738: $? = 0
configure:25759: result: yes
configure:25767: checking for BZ2_bzRead in -lbz2
configure:25802: gcc -o conftest -O3   conftest.c -lbz2  -lm  >&5
configure:25809: $? = 0
configure:25830: result: yes
configure:25838: checking for BZ2_bzReadClose in -lbz2
configure:25873: gcc -o conftest -O3   conftest.c -lbz2  -lm  >&5
configure:25880: $? = 0
configure:25901: result: yes
configure:25909: checking if bzlib package is complete
configure:25918: result: working
configure:25936: checking for goby library
configure:25950: result: disabled
configure:26166: creating ./config.status

## ---------------------- ##
## Running config.status. ##
## ---------------------- ##

This file was extended by gmap config.status 2014-12-24, which was
generated by GNU Autoconf 2.63.  Invocation command line was

  CONFIG_FILES    = 
  CONFIG_HEADERS  = 
  CONFIG_LINKS    = 
  CONFIG_COMMANDS = 
  $ ./config.status 

on neon-hm-compute-3-2.local

config.status:1097: creating Makefile
config.status:1097: creating src/Makefile
config.status:1097: creating util/Makefile
config.status:1097: creating util/gmap_compress.pl
config.status:1097: creating util/gmap_uncompress.pl
config.status:1097: creating util/gmap_process.pl
config.status:1097: creating util/gmap_build.pl
config.status:1097: creating util/gmap_reassemble.pl
config.status:1097: creating util/md_coords.pl
config.status:1097: creating util/fa_coords.pl
config.status:1097: creating util/psl_splicesites.pl
config.status:1097: creating util/psl_introns.pl
config.status:1097: creating util/psl_genes.pl
config.status:1097: creating util/ensembl_genes.pl
config.status:1097: creating util/gtf_splicesites.pl
config.status:1097: creating util/gtf_introns.pl
config.status:1097: creating util/gtf_genes.pl
config.status:1097: creating util/gff3_splicesites.pl
config.status:1097: creating util/gff3_introns.pl
config.status:1097: creating util/gff3_genes.pl
config.status:1097: creating util/dbsnp_iit.pl
config.status:1097: creating util/gvf_iit.pl
config.status:1097: creating util/vcf_iit.pl
config.status:1097: creating tests/Makefile
config.status:1097: creating tests/align.test
config.status:1097: creating tests/coords1.test
config.status:1097: creating tests/setup1.test
config.status:1097: creating tests/iit.test
config.status:1097: creating src/config.h
config.status:1319: src/config.h is unchanged
config.status:1371: executing depfiles commands
config.status:1371: executing libtool commands
configure:28553: checking compiler and flags to be used
configure:28555: result: gcc -O3
configure:28557: checking pthread compiler flags to be used
configure:28559: result: -pthread
configure:28561: checking popcnt compiler flags to be used
configure:28563: result:  -mpopcnt
configure:28565: checking SIMD features available on computer
configure:28567: result:  mmx sse sse2 sse3 ssse3 sse4.1 sse4.2 avx
configure:28569: checking SIMD compiler flags to be used
configure:28571: result:  -mmmx -msse -msse2 -msse3 -mssse3 -msse4.1 -msse4.2 -mavx

## ---------------- ##
## Cache variables. ##
## ---------------- ##

ac_cv_build=x86_64-unknown-linux-gnu
ac_cv_c_bigendian=no
ac_cv_c_compiler_gnu=yes
ac_cv_c_const=yes
ac_cv_c_volatile=yes
ac_cv_env_CC_set=
ac_cv_env_CC_value=
ac_cv_env_CFLAGS_set=
ac_cv_env_CFLAGS_value=
ac_cv_env_CPPFLAGS_set=
ac_cv_env_CPPFLAGS_value=
ac_cv_env_CPP_set=
ac_cv_env_CPP_value=
ac_cv_env_LDFLAGS_set=
ac_cv_env_LDFLAGS_value=
ac_cv_env_LIBS_set=
ac_cv_env_LIBS_value=
ac_cv_env_MAX_READLENGTH_set=
ac_cv_env_MAX_READLENGTH_value=
ac_cv_env_MPICC_set=
ac_cv_env_MPICC_value=
ac_cv_env_build_alias_set=
ac_cv_env_build_alias_value=
ac_cv_env_host_alias_set=
ac_cv_env_host_alias_value=
ac_cv_env_target_alias_set=
ac_cv_env_target_alias_value=
ac_cv_func_MPI_Init=no
ac_cv_func_alloca_works=yes
ac_cv_func_ceil=yes
ac_cv_func_floor=yes
ac_cv_func_index=yes
ac_cv_func_log=yes
ac_cv_func_madvise=yes
ac_cv_func_memcpy=yes
ac_cv_func_memmove=yes
ac_cv_func_memset=yes
ac_cv_func_munmap=yes
ac_cv_func_pow=yes
ac_cv_func_rint=yes
ac_cv_func_sigaction=yes
ac_cv_func_stat64=yes
ac_cv_func_strtoul=yes
ac_cv_func_sysconf=yes
ac_cv_func_sysctl=yes
ac_cv_header_bzlib_h=yes
ac_cv_header_dirent_dirent_h=yes
ac_cv_header_dlfcn_h=yes
ac_cv_header_fcntl_h=yes
ac_cv_header_inttypes_h=yes
ac_cv_header_limits_h=yes
ac_cv_header_memory_h=yes
ac_cv_header_stdc=yes
ac_cv_header_stddef_h=yes
ac_cv_header_stdint_h=yes
ac_cv_header_stdlib_h=yes
ac_cv_header_string_h=yes
ac_cv_header_strings_h=yes
ac_cv_header_sys_stat_h=yes
ac_cv_header_sys_types_h=yes
ac_cv_header_unistd_h=yes
ac_cv_header_zlib_h=yes
ac_cv_host=x86_64-unknown-linux-gnu
ac_cv_lib_bz2_BZ2_bzRead=yes
ac_cv_lib_bz2_BZ2_bzReadClose=yes
ac_cv_lib_bz2_BZ2_bzReadOpen=yes
ac_cv_lib_m_rint=yes
ac_cv_lib_mpi_MPI_Init=no
ac_cv_lib_mpich_MPI_Init=no
ac_cv_lib_z_gzbuffer=no
ac_cv_lib_z_gzclose=yes
ac_cv_lib_z_gzeof=yes
ac_cv_lib_z_gzgetc=yes
ac_cv_lib_z_gzgets=yes
ac_cv_lib_z_gzopen=yes
ac_cv_objext=o
ac_cv_path_EGREP='/bin/grep -E'
ac_cv_path_FGREP='/bin/grep -F'
ac_cv_path_GREP=/bin/grep
ac_cv_path_PERL=/usr/bin/perl
ac_cv_path_SED=/bin/sed
ac_cv_path_install='/usr/bin/install -c'
ac_cv_path_mkdir=/bin/mkdir
ac_cv_prog_AWK=gawk
ac_cv_prog_CPP='gcc -E'
ac_cv_prog_PTHREAD_CC=gcc
ac_cv_prog_ac_ct_AR=ar
ac_cv_prog_ac_ct_CC=gcc
ac_cv_prog_ac_ct_OBJDUMP=objdump
ac_cv_prog_ac_ct_RANLIB=ranlib
ac_cv_prog_ac_ct_STRIP=strip
ac_cv_prog_cc_c89=
ac_cv_prog_cc_g=yes
ac_cv_prog_cc_gcc_c_o=yes
ac_cv_prog_make_make_set=yes
ac_cv_search_opendir='none required'
ac_cv_sizeof_off_t=8
ac_cv_sizeof_unsigned_long=8
ac_cv_sizeof_unsigned_long_long=8
ac_cv_sys_file_offset_bits=no
ac_cv_sys_largefile_CC=no
ac_cv_sys_largefile_source=no
ac_cv_target=x86_64-unknown-linux-gnu
ac_cv_type_caddr_t=yes
ac_cv_type_off_t=yes
ac_cv_type_size_t=yes
ac_cv_working_alloca_h=yes
am_cv_CC_dependencies_compiler_type=gcc3
ax_cv_check_cflags___mavx=yes
ax_cv_check_cflags___mmmx=yes
ax_cv_check_cflags___msse2=yes
ax_cv_check_cflags___msse3=yes
ax_cv_check_cflags___msse4_1=yes
ax_cv_check_cflags___msse4_2=yes
ax_cv_check_cflags___msse=yes
ax_cv_check_cflags___mssse3=yes
ax_cv_compile_avx_ext=yes
ax_cv_compile_mmx_ext=yes
ax_cv_compile_sse2_ext=yes
ax_cv_compile_sse3_ext=yes
ax_cv_compile_sse41_ext=yes
ax_cv_compile_sse42_ext=yes
ax_cv_compile_sse_ext=yes
ax_cv_compile_ssse3_ext=yes
ax_cv_cpu_features=' mmx sse sse2 sse3 ssse3 sse4.1 sse4.2 avx'
ax_cv_cpu_have_avx2_ext=no
ax_cv_cpu_have_avx_ext=yes
ax_cv_cpu_have_bmi1_ext=no
ax_cv_cpu_have_bmi2_ext=no
ax_cv_cpu_have_lzcnt_ext=no
ax_cv_cpu_have_mmx_ext=yes
ax_cv_cpu_have_popcnt_ext=yes
ax_cv_cpu_have_sse2_ext=yes
ax_cv_cpu_have_sse3_ext=yes
ax_cv_cpu_have_sse41_ext=yes
ax_cv_cpu_have_sse42_ext=yes
ax_cv_cpu_have_sse_ext=yes
ax_cv_cpu_have_ssse3_ext=yes
ax_cv_gcc_x86_avx_xgetbv_0x00000000=7:0
ax_cv_gcc_x86_cpuid_0x00000001=206d7:42200800:1fbee3ff:bfebfbff
ax_cv_gcc_x86_cpuid_0x00000007=0:0:0:0
ax_cv_gcc_x86_cpuid_0x80000001=0:0:1:2c100800
ax_cv_have_avx_os_ext=yes
ax_cv_link_emmintrin_h=yes
ax_cv_link_immintrin_h=yes
ax_cv_link_mmintrin_h=yes
ax_cv_link_nmmintrin_h=yes
ax_cv_link_pmmintrin_h=yes
ax_cv_link_smmintrin_h=yes
ax_cv_link_tmmintrin_h=yes
ax_cv_link_xmmintrin_h=yes
ax_cv_run_mm_popcnt_ext=yes
ax_cv_sse2_shift_defect=no
ax_cv_want_avx2_ext=yes
ax_cv_want_avx_ext=yes
ax_cv_want_sse2_ext=yes
ax_cv_want_sse41_ext=yes
ax_cv_want_sse42_ext=yes
ax_cv_want_ssse3_ext=yes
cvx_cv_func_fopen_b=yes
cvx_cv_func_fopen_t=yes
lt_cv_deplibs_check_method=pass_all
lt_cv_file_magic_cmd='$MAGIC_CMD'
lt_cv_file_magic_test_file=
lt_cv_ld_reload_flag=-r
lt_cv_nm_interface='BSD nm'
lt_cv_objdir=.libs
lt_cv_path_LD=/opt/binutils/2.27/bin/ld
lt_cv_path_NM='/opt/binutils/2.27/bin/nm -B'
lt_cv_prog_compiler_c_o=yes
lt_cv_prog_compiler_pic_works=yes
lt_cv_prog_compiler_rtti_exceptions=no
lt_cv_prog_compiler_static_works=yes
lt_cv_prog_gnu_ld=yes
lt_cv_sys_global_symbol_pipe='sed -n -e '\''s/^.*[	 ]\([ABCDGIRSTW][ABCDGIRSTW]*\)[	 ][	 ]*\([_A-Za-z][_A-Za-z0-9]*\)$/\1 \2 \2/p'\'''
lt_cv_sys_global_symbol_to_c_name_address='sed -n -e '\''s/^: \([^ ]*\) $/  {\"\1\", (void *) 0},/p'\'' -e '\''s/^[ABCDGIRSTW]* \([^ ]*\) \([^ ]*\)$/  {"\2", (void *) \&\2},/p'\'''
lt_cv_sys_global_symbol_to_c_name_address_lib_prefix='sed -n -e '\''s/^: \([^ ]*\) $/  {\"\1\", (void *) 0},/p'\'' -e '\''s/^[ABCDGIRSTW]* \([^ ]*\) \(lib[^ ]*\)$/  {"\2", (void *) \&\2},/p'\'' -e '\''s/^[ABCDGIRSTW]* \([^ ]*\) \([^ ]*\)$/  {"lib\2", (void *) \&\2},/p'\'''
lt_cv_sys_global_symbol_to_cdecl='sed -n -e '\''s/^T .* \(.*\)$/extern int \1();/p'\'' -e '\''s/^[ABCDGIRSTW]* .* \(.*\)$/extern char \1;/p'\'''
lt_cv_sys_max_cmd_len=3458764513820540925

## ----------------- ##
## Output variables. ##
## ----------------- ##

ACLOCAL='${SHELL} /Shared/Au/shuhfu/idpdenovo_test/idpdenovo-v.2/plugins/gmap-2014-12-24/config/missing --run aclocal-1.11'
ALLOCA=''
AMDEPBACKSLASH='\'
AMDEP_FALSE='#'
AMDEP_TRUE=''
AMTAR='${SHELL} /Shared/Au/shuhfu/idpdenovo_test/idpdenovo-v.2/plugins/gmap-2014-12-24/config/missing --run tar'
AR='ar'
AUTOCONF='${SHELL} /Shared/Au/shuhfu/idpdenovo_test/idpdenovo-v.2/plugins/gmap-2014-12-24/config/missing --run autoconf'
AUTOHEADER='${SHELL} /Shared/Au/shuhfu/idpdenovo_test/idpdenovo-v.2/plugins/gmap-2014-12-24/config/missing --run autoheader'
AUTOMAKE='${SHELL} /Shared/Au/shuhfu/idpdenovo_test/idpdenovo-v.2/plugins/gmap-2014-12-24/config/missing --run automake-1.11'
AWK='gawk'
BINDIR='/Shared/Au/shuhfu/idpdenovo_test/idpdenovo-v.2/plugins/gmap-2014-12-24/../BIN/bin'
BZLIB_LIBS='-lbz2'
CC='gcc'
CCDEPMODE='depmode=gcc3'
CFLAGS='-O3'
CPP='gcc -E'
CPPFLAGS=''
CYGPATH_W='echo'
DEFS='-DHAVE_CONFIG_H'
DEPDIR='.deps'
DSYMUTIL=''
DUMPBIN=''
ECHO_C=''
ECHO_N='-n'
ECHO_T=''
EGREP='/bin/grep -E'
EXEEXT=''
FGREP='/bin/grep -F'
FULLDIST_FALSE=''
FULLDIST_TRUE='#'
GMAPDB='/Shared/Au/shuhfu/idpdenovo_test/idpdenovo-v.2/plugins/gmap-2014-12-24/../BIN/share'
GOBY_CFLAGS=''
GOBY_LDFLAGS=''
GOBY_LIBS=''
GREP='/bin/grep'
INSTALL_DATA='${INSTALL} -m 644'
INSTALL_PROGRAM='${INSTALL}'
INSTALL_SCRIPT='${INSTALL}'
INSTALL_STRIP_PROGRAM='$(install_sh) -c -s'
LD='/opt/binutils/2.27/bin/ld -m elf_x86_64'
LDFLAGS=''
LIBOBJS=''
LIBS='-lm '
LIBTOOL='$(SHELL) $(top_builddir)/libtool'
LIPO=''
LN_S='ln -s'
LTLIBOBJS=''
MAINTAINER_FALSE=''
MAINTAINER_TRUE='#'
MAKEINFO='${SHELL} /Shared/Au/shuhfu/idpdenovo_test/idpdenovo-v.2/plugins/gmap-2014-12-24/config/missing --run makeinfo'
MAX_READLENGTH='300'
MKDIR_P='/bin/mkdir -p'
MPICC='gcc'
MPILIBS=''
NM='/opt/binutils/2.27/bin/nm -B'
NMEDIT=''
OBJDUMP='objdump'
OBJEXT='o'
OTOOL64=''
OTOOL=''
PACKAGE='gmap'
PACKAGE_BUGREPORT='Thomas Wu <twu@gene.com>'
PACKAGE_NAME='gmap'
PACKAGE_STRING='gmap 2014-12-24'
PACKAGE_TARNAME='gmap'
PACKAGE_VERSION='2014-12-24'
PATH_SEPARATOR=':'
PERL='/usr/bin/perl'
POPCNT_CFLAGS=' -mpopcnt'
PTHREAD_CC='gcc'
PTHREAD_CFLAGS='-pthread'
PTHREAD_LIBS=''
RANLIB='ranlib'
SED='/bin/sed'
SET_MAKE=''
SHELL='/bin/sh'
SIMD_CFLAGS=' -mmmx -msse -msse2 -msse3 -mssse3 -msse4.1 -msse4.2 -mavx'
STRIP='strip'
VERSION='2014-12-24'
ZLIB_LIBS='-lz'
ac_ct_CC='gcc'
ac_ct_DUMPBIN=''
acx_pthread_config=''
am__EXEEXT_FALSE=''
am__EXEEXT_TRUE='#'
am__fastdepCC_FALSE='#'
am__fastdepCC_TRUE=''
am__include='include'
am__isrc=''
am__leading_dot='.'
am__quote=''
am__tar='${AMTAR} chof - "$$tardir"'
am__untar='${AMTAR} xf -'
bindir='${exec_prefix}/bin'
build='x86_64-unknown-linux-gnu'
build_alias=''
build_cpu='x86_64'
build_os='linux-gnu'
build_vendor='unknown'
datadir='${datarootdir}'
datarootdir='${prefix}/share'
docdir='${datarootdir}/doc/${PACKAGE_TARNAME}'
dvidir='${docdir}'
exec_prefix='${prefix}'
host='x86_64-unknown-linux-gnu'
host_alias=''
host_cpu='x86_64'
host_os='linux-gnu'
host_vendor='unknown'
htmldir='${docdir}'
includedir='${prefix}/include'
infodir='${datarootdir}/info'
install_sh='${SHELL} /Shared/Au/shuhfu/idpdenovo_test/idpdenovo-v.2/plugins/gmap-2014-12-24/config/install-sh'
libdir='${exec_prefix}/lib'
libexecdir='${exec_prefix}/libexec'
localedir='${datarootdir}/locale'
localstatedir='${prefix}/var'
lt_ECHO='echo'
mandir='${datarootdir}/man'
mkdir_p='/bin/mkdir -p'
oldincludedir='/usr/include'
pdfdir='${docdir}'
prefix='/Shared/Au/shuhfu/idpdenovo_test/idpdenovo-v.2/plugins/gmap-2014-12-24/../BIN'
program_transform_name='s,x,x,'
psdir='${docdir}'
sbindir='${exec_prefix}/sbin'
sharedstatedir='${prefix}/com'
sysconfdir='${prefix}/etc'
target='x86_64-unknown-linux-gnu'
target_alias=''
target_cpu='x86_64'
target_os='linux-gnu'
target_vendor='unknown'

## ----------- ##
## confdefs.h. ##
## ----------- ##

#define PACKAGE_NAME "gmap"
#define PACKAGE_TARNAME "gmap"
#define PACKAGE_VERSION "2014-12-24"
#define PACKAGE_STRING "gmap 2014-12-24"
#define PACKAGE_BUGREPORT "Thomas Wu <twu@gene.com>"
#define PACKAGE "gmap"
#define VERSION "2014-12-24"
#define STDC_HEADERS 1
#define HAVE_SYS_TYPES_H 1
#define HAVE_SYS_STAT_H 1
#define HAVE_STDLIB_H 1
#define HAVE_STRING_H 1
#define HAVE_MEMORY_H 1
#define HAVE_STRINGS_H 1
#define HAVE_INTTYPES_H 1
#define HAVE_STDINT_H 1
#define HAVE_UNISTD_H 1
#define HAVE_DLFCN_H 1
#define LT_OBJDIR ".libs/"
#define HAVE_LIBM 1
#define HAVE_PTHREAD 1
#define STDC_HEADERS 1
#define HAVE_DIRENT_H 1
#define HAVE_FCNTL_H 1
#define HAVE_LIMITS_H 1
#define HAVE_STDDEF_H 1
#define HAVE_STDLIB_H 1
#define HAVE_STRING_H 1
#define HAVE_STRINGS_H 1
#define HAVE_UNISTD_H 1
#define HAVE_SYS_TYPES_H 1
#define HAVE_CADDR_T 1
#define SIZEOF_UNSIGNED_LONG 8
#define SIZEOF_UNSIGNED_LONG_LONG 8
#define SIZEOF_OFF_T 8
#define HAVE_FSEEKO 1
#define HAVE_ALLOCA_H 1
#define HAVE_ALLOCA 1
#define HAVE_MMAP 1
#define HAVE_MMAP_MAP_FILE 1
#define HAVE_MMAP_MAP_SHARED 1
#define HAVE_MMAP_MAP_PRIVATE 1
#define HAVE_MADVISE_MADV_DONTNEED 1
#define HAVE_MADVISE_MADV_WILLNEED 1
#define HAVE_MADVISE_MADV_RANDOM 1
#define HAVE_MADVISE_MADV_SEQUENTIAL 1
#define HAVE_CEIL 1
#define HAVE_FLOOR 1
#define HAVE_INDEX 1
#define HAVE_LOG 1
#define HAVE_MADVISE 1
#define HAVE_MEMCPY 1
#define HAVE_MEMMOVE 1
#define HAVE_MEMSET 1
#define HAVE_MUNMAP 1
#define HAVE_POW 1
#define HAVE_RINT 1
#define HAVE_STAT64 1
#define HAVE_STRTOUL 1
#define HAVE_SYSCONF 1
#define HAVE_SYSCTL 1
#define HAVE_SIGACTION 1
#define PAGESIZE_VIA_SYSCONF 1
#define USE_FOPEN_BINARY 1
#define USE_FOPEN_TEXT 1
#define HAVE_BUILTIN_POPCOUNT 1
#define HAVE_BUILTIN_CLZ 1
#define HAVE_BUILTIN_CTZ 1
#define HAVE_ASM_BSR 1
#define HAVE_MMX 1
#define HAVE_SSE 1
#define HAVE_SSE2 1
#define HAVE_SSE3 1
#define HAVE_SSSE3 1
#define HAVE_SSE4_1 1
#define HAVE_SSE4_2 1
#define HAVE_MM_POPCNT 1
#define HAVE_AVX 1
#define HAVE_ZLIB 1
#define HAVE_BZLIB 1

configure: exit 0
